<?xml version="1.0" encoding="UTF-8"?>
<testng-results ignored="0" total="10" passed="10" failed="0" skipped="0">
  <reporter-output>
  </reporter-output>
  <suite started-at="2026-06-26T19:53:08 IST" name="ecommerce" finished-at="2026-06-27T16:41:20 IST" duration-ms="74892522">
    <groups>
    </groups>
    <test started-at="2026-06-26T19:53:08 IST" name="Test1" finished-at="2026-06-27T16:41:20 IST" duration-ms="74892522">
      <class name="tests.RemoveCartTest">
        <test-method is-config="true" signature="Launchbrowser()[pri:0, instance:tests.RemoveCartTest@45905bff]" started-at="2026-06-26T19:53:59 IST" name="Launchbrowser" finished-at="2026-06-26T19:54:07 IST" duration-ms="7907" status="PASS">
          <reporter-output>
          </reporter-output>
        </test-method> <!-- Launchbrowser -->
        <test-method signature="removeCartTest()[pri:0, instance:tests.RemoveCartTest@45905bff]" started-at="2026-06-26T19:54:07 IST" name="removeCartTest" finished-at="2026-06-26T19:54:15 IST" duration-ms="8150" status="PASS">
          <reporter-output>
          </reporter-output>
        </test-method> <!-- removeCartTest -->
        <test-method is-config="true" signature="tearDown()[pri:0, instance:tests.RemoveCartTest@45905bff]" started-at="2026-06-26T19:54:15 IST" name="tearDown" finished-at="2026-06-26T19:54:17 IST" duration-ms="1755" status="PASS">
          <reporter-output>
          </reporter-output>
        </test-method> <!-- tearDown -->
      </class> <!-- tests.RemoveCartTest -->
      <class name="tests.LoginTest">
        <test-method is-config="true" signature="Launchbrowser()[pri:0, instance:tests.LoginTest@5c8504fd]" started-at="2026-06-26T19:53:08 IST" name="Launchbrowser" finished-at="2026-06-26T19:53:14 IST" duration-ms="6618" status="PASS">
          <reporter-output>
          </reporter-output>
        </test-method> <!-- Launchbrowser -->
        <test-method signature="login()[pri:0, instance:tests.LoginTest@5c8504fd]" started-at="2026-06-26T19:53:15 IST" name="login" finished-at="2026-06-26T19:53:15 IST" duration-ms="908" status="PASS">
          <reporter-output>
          </reporter-output>
        </test-method> <!-- login -->
        <test-method is-config="true" signature="tearDown()[pri:0, instance:tests.LoginTest@5c8504fd]" started-at="2026-06-26T19:53:16 IST" name="tearDown" finished-at="2026-06-26T19:53:18 IST" duration-ms="2249" status="PASS">
          <reporter-output>
          </reporter-output>
        </test-method> <!-- tearDown -->
      </class> <!-- tests.LoginTest -->
      <class name="tests.AddCartTest">
        <test-method is-config="true" signature="Launchbrowser()[pri:0, instance:tests.AddCartTest@72ea6193]" started-at="2026-06-26T19:53:18 IST" name="Launchbrowser" finished-at="2026-06-26T19:53:26 IST" duration-ms="8285" status="PASS">
          <reporter-output>
          </reporter-output>
        </test-method> <!-- Launchbrowser -->
        <test-method signature="login()[pri:0, instance:tests.AddCartTest@72ea6193]" started-at="2026-06-26T19:53:26 IST" name="login" finished-at="2026-06-26T19:53:35 IST" duration-ms="9152" status="PASS">
          <reporter-output>
          </reporter-output>
        </test-method> <!-- login -->
        <test-method is-config="true" signature="tearDown()[pri:0, instance:tests.AddCartTest@72ea6193]" started-at="2026-06-26T19:53:35 IST" name="tearDown" finished-at="2026-06-26T19:53:37 IST" duration-ms="2143" status="PASS">
          <reporter-output>
          </reporter-output>
        </test-method> <!-- tearDown -->
      </class> <!-- tests.AddCartTest -->
      <class name="tests.ViewCartTest">
        <test-method is-config="true" signature="Launchbrowser()[pri:0, instance:tests.ViewCartTest@b6b1987]" started-at="2026-06-26T19:54:33 IST" name="Launchbrowser" finished-at="2026-06-26T19:54:39 IST" duration-ms="6281" status="PASS">
          <reporter-output>
          </reporter-output>
        </test-method> <!-- Launchbrowser -->
        <test-method signature="view()[pri:0, instance:tests.ViewCartTest@b6b1987]" started-at="2026-06-26T19:54:39 IST" name="view" finished-at="2026-06-26T19:54:53 IST" duration-ms="13955" status="PASS">
          <reporter-output>
          </reporter-output>
        </test-method> <!-- view -->
        <test-method is-config="true" signature="tearDown()[pri:0, instance:tests.ViewCartTest@b6b1987]" started-at="2026-06-26T19:54:53 IST" name="tearDown" finished-at="2026-06-27T16:38:22 IST" duration-ms="74609330" status="FAIL">
          <exception class="org.openqa.selenium.WebDriverException">
            <message>
              <![CDATA[Timed out waiting for driver server to stop.
Build info: version: '4.45.0', revision: 'cd6a3cd cd6a3cdfca6970f62e5bc8344109d0fe0e2af05e'
System info: os.name: 'Windows 10', os.arch: 'amd64', os.version: '10.0', java.version: '25.0.3'
Driver info: org.openqa.selenium.firefox.FirefoxDriver
Command: [f580c3b0-aa92-4084-a368-c4e3767bdbed, quit {}]
Capabilities {acceptInsecureCerts: true, browserName: firefox, browserVersion: 127.0, moz:accessibilityChecks: false, moz:buildID: 20240606181944, moz:geckodriverVersion: 0.37.0, moz:headless: false, moz:platformVersion: 10.0, moz:processID: 4604, moz:profile: C:\Windows\SystemTemp\rust_..., moz:shutdownTimeout: 60000, moz:webdriverClick: true, moz:windowless: false, pageLoadStrategy: normal, platformName: windows, proxy: Proxy(), setWindowRect: true, strictFileInteractability: false, timeouts: {implicit: 0, pageLoad: 300000, script: 30000}, unhandledPromptBehavior: dismiss and notify, userAgent: Mozilla/5.0 (Windows NT 10....}
Session ID: f580c3b0-aa92-4084-a368-c4e3767bdbed]]>
            </message>
            <full-stacktrace>
              <![CDATA[org.openqa.selenium.WebDriverException: Timed out waiting for driver server to stop.
Build info: version: '4.45.0', revision: 'cd6a3cd cd6a3cdfca6970f62e5bc8344109d0fe0e2af05e'
System info: os.name: 'Windows 10', os.arch: 'amd64', os.version: '10.0', java.version: '25.0.3'
Driver info: org.openqa.selenium.firefox.FirefoxDriver
Command: [f580c3b0-aa92-4084-a368-c4e3767bdbed, quit {}]
Capabilities {acceptInsecureCerts: true, browserName: firefox, browserVersion: 127.0, moz:accessibilityChecks: false, moz:buildID: 20240606181944, moz:geckodriverVersion: 0.37.0, moz:headless: false, moz:platformVersion: 10.0, moz:processID: 4604, moz:profile: C:\Windows\SystemTemp\rust_..., moz:shutdownTimeout: 60000, moz:webdriverClick: true, moz:windowless: false, pageLoadStrategy: normal, platformName: windows, proxy: Proxy(), setWindowRect: true, strictFileInteractability: false, timeouts: {implicit: 0, pageLoad: 300000, script: 30000}, unhandledPromptBehavior: dismiss and notify, userAgent: Mozilla/5.0 (Windows NT 10....}
Session ID: f580c3b0-aa92-4084-a368-c4e3767bdbed
at org.openqa.selenium.remote.service.DriverCommandExecutor.execute(DriverCommandExecutor.java:165)
at org.openqa.selenium.remote.RemoteWebDriver.execute(RemoteWebDriver.java:575)
at org.openqa.selenium.remote.RemoteWebDriver.execute(RemoteWebDriver.java:657)
at org.openqa.selenium.remote.RemoteWebDriver.execute(RemoteWebDriver.java:661)
at org.openqa.selenium.remote.RemoteWebDriver.quit(RemoteWebDriver.java:474)
at org.openqa.selenium.firefox.FirefoxDriver.quit(FirefoxDriver.java:278)
at base.BaseClass.tearDown(BaseClass.java:55)
at java.base/jdk.internal.reflect.DirectMethodHandleAccessor.invoke(DirectMethodHandleAccessor.java:104)
at java.base/java.lang.reflect.Method.invoke(Method.java:565)
at org.testng.internal.invokers.MethodInvocationHelper.invokeMethod(MethodInvocationHelper.java:141)
at org.testng.internal.invokers.MethodInvocationHelper.invokeMethodConsideringTimeout(MethodInvocationHelper.java:71)
at org.testng.internal.invokers.ConfigInvoker.invokeConfigurationMethod(ConfigInvoker.java:400)
at org.testng.internal.invokers.ConfigInvoker.invokeConfigurations(ConfigInvoker.java:333)
at org.testng.internal.invokers.TestInvoker.runConfigMethods(TestInvoker.java:846)
at org.testng.internal.invokers.TestInvoker.runAfterConfigurations(TestInvoker.java:815)
at org.testng.internal.invokers.TestInvoker.invokeMethod(TestInvoker.java:791)
at org.testng.internal.invokers.TestInvoker.invokeTestMethod(TestInvoker.java:230)
at org.testng.internal.invokers.MethodRunner.runInSequence(MethodRunner.java:63)
at org.testng.internal.invokers.TestInvoker$MethodInvocationAgent.invoke(TestInvoker.java:1005)
at org.testng.internal.invokers.TestInvoker.invokeTestMethods(TestInvoker.java:203)
at org.testng.internal.invokers.TestMethodWorker.invokeTestMethods(TestMethodWorker.java:154)
at org.testng.internal.invokers.TestMethodWorker.run(TestMethodWorker.java:134)
at java.base/java.util.ArrayList.forEach(ArrayList.java:1604)
at org.testng.TestRunner.privateRun(TestRunner.java:744)
at org.testng.TestRunner.run(TestRunner.java:616)
at org.testng.SuiteRunner.runTest(SuiteRunner.java:421)
at org.testng.SuiteRunner.runSequentially(SuiteRunner.java:413)
at org.testng.SuiteRunner.privateRun(SuiteRunner.java:373)
at org.testng.SuiteRunner.run(SuiteRunner.java:312)
at org.testng.SuiteRunnerWorker.runSuite(SuiteRunnerWorker.java:52)
at org.testng.SuiteRunnerWorker.run(SuiteRunnerWorker.java:95)
at org.testng.TestNG.runSuitesSequentially(TestNG.java:1274)
at org.testng.TestNG.runSuitesLocally(TestNG.java:1208)
at org.testng.TestNG.runSuites(TestNG.java:1112)
at org.testng.TestNG.run(TestNG.java:1079)
at org.apache.maven.surefire.testng.TestNGExecutor.run(TestNGExecutor.java:308)
at org.apache.maven.surefire.testng.TestNGXmlTestSuite.execute(TestNGXmlTestSuite.java:71)
at org.apache.maven.surefire.testng.TestNGProvider.invoke(TestNGProvider.java:113)
at org.apache.maven.surefire.booter.ForkedBooter.runSuitesInProcess(ForkedBooter.java:385)
at org.apache.maven.surefire.booter.ForkedBooter.execute(ForkedBooter.java:162)
at org.apache.maven.surefire.booter.ForkedBooter.run(ForkedBooter.java:507)
at org.apache.maven.surefire.booter.ForkedBooter.main(ForkedBooter.java:495)
Caused by: java.util.concurrent.ExecutionException: java.io.UncheckedIOException: java.io.IOException: closed
at java.base/java.util.concurrent.CompletableFuture.wrapInExecutionException(CompletableFuture.java:345)
at java.base/java.util.concurrent.CompletableFuture.reportGet(CompletableFuture.java:440)
at java.base/java.util.concurrent.CompletableFuture.get(CompletableFuture.java:2117)
at org.openqa.selenium.remote.service.DriverCommandExecutor.execute(DriverCommandExecutor.java:161)
... 41 more
Caused by: java.io.UncheckedIOException: java.io.IOException: closed
at org.openqa.selenium.remote.http.jdk.JdkHttpMessages.readResponseBody(JdkHttpMessages.java:194)
at org.openqa.selenium.remote.http.jdk.JdkHttpMessages.extractContent(JdkHttpMessages.java:179)
at org.openqa.selenium.remote.http.jdk.JdkHttpMessages.createResponse(JdkHttpMessages.java:153)
at org.openqa.selenium.remote.http.jdk.JdkHttpClient.execute0(JdkHttpClient.java:488)
at org.openqa.selenium.remote.http.AddSeleniumUserAgent.lambda$apply$0(AddSeleniumUserAgent.java:46)
at org.openqa.selenium.remote.http.Filter.lambda$andFinally$0(Filter.java:55)
at org.openqa.selenium.remote.http.jdk.JdkHttpClient.lambda$executeAsync$0(JdkHttpClient.java:399)
at java.base/java.util.concurrent.Executors$RunnableAdapter.call(Executors.java:545)
at java.base/java.util.concurrent.FutureTask.run(FutureTask.java:328)
at java.base/java.util.concurrent.ThreadPoolExecutor.runWorker(ThreadPoolExecutor.java:1090)
at java.base/java.util.concurrent.ThreadPoolExecutor$Worker.run(ThreadPoolExecutor.java:614)
at java.base/java.lang.Thread.run(Thread.java:1474)
Caused by: java.io.IOException: closed
at java.net.http/jdk.internal.net.http.ResponseSubscribers$HttpResponseInputStream.current(ResponseSubscribers.java:359)
at java.net.http/jdk.internal.net.http.ResponseSubscribers$HttpResponseInputStream.read(ResponseSubscribers.java:419)
at java.base/java.io.InputStream.read(InputStream.java:222)
at org.openqa.selenium.io.Read.toByteArray(Read.java:46)
at org.openqa.selenium.remote.http.jdk.JdkHttpMessages.readResponseBody(JdkHttpMessages.java:192)
... 11 more
Caused by: java.net.http.HttpTimeoutException: request timed out
at java.net.http/jdk.internal.net.http.ResponseTimerEvent.handle(ResponseTimerEvent.java:63)
at java.net.http/jdk.internal.net.http.HttpClientImpl.purgeTimeoutsAndReturnNextDeadline(HttpClientImpl.java:1751)
at java.net.http/jdk.internal.net.http.HttpClientImpl$SelectorManager.run(HttpClientImpl.java:1307)
]]>
            </full-stacktrace>
          </exception> <!-- org.openqa.selenium.WebDriverException -->
          <reporter-output>
          </reporter-output>
        </test-method> <!-- tearDown -->
      </class> <!-- tests.ViewCartTest -->
      <class name="tests.BackHomeTest">
        <test-method is-config="true" signature="Launchbrowser()[pri:0, instance:tests.BackHomeTest@66b7550d]" started-at="2026-06-27T16:39:30 IST" name="Launchbrowser" finished-at="2026-06-27T16:39:38 IST" duration-ms="8419" status="PASS">
          <reporter-output>
          </reporter-output>
        </test-method> <!-- Launchbrowser -->
        <test-method signature="CheckoutOverview()[pri:0, instance:tests.BackHomeTest@66b7550d]" started-at="2026-06-27T16:39:38 IST" name="CheckoutOverview" finished-at="2026-06-27T16:40:09 IST" duration-ms="30225" status="PASS">
          <reporter-output>
          </reporter-output>
        </test-method> <!-- CheckoutOverview -->
        <test-method is-config="true" signature="tearDown()[pri:0, instance:tests.BackHomeTest@66b7550d]" started-at="2026-06-27T16:40:09 IST" name="tearDown" finished-at="2026-06-27T16:40:36 IST" duration-ms="27874" status="PASS">
          <reporter-output>
          </reporter-output>
        </test-method> <!-- tearDown -->
      </class> <!-- tests.BackHomeTest -->
      <class name="tests.ContinueShoppingTest">
        <test-method is-config="true" signature="Launchbrowser()[pri:0, instance:tests.ContinueShoppingTest@2a2c13a8]" started-at="2026-06-26T19:54:17 IST" name="Launchbrowser" finished-at="2026-06-26T19:54:22 IST" duration-ms="5386" status="PASS">
          <reporter-output>
          </reporter-output>
        </test-method> <!-- Launchbrowser -->
        <test-method signature="login()[pri:0, instance:tests.ContinueShoppingTest@2a2c13a8]" started-at="2026-06-26T19:54:22 IST" name="login" finished-at="2026-06-26T19:54:31 IST" duration-ms="8623" status="PASS">
          <reporter-output>
          </reporter-output>
        </test-method> <!-- login -->
        <test-method is-config="true" signature="tearDown()[pri:0, instance:tests.ContinueShoppingTest@2a2c13a8]" started-at="2026-06-26T19:54:31 IST" name="tearDown" finished-at="2026-06-26T19:54:33 IST" duration-ms="2064" status="PASS">
          <reporter-output>
          </reporter-output>
        </test-method> <!-- tearDown -->
      </class> <!-- tests.ContinueShoppingTest -->
      <class name="tests.CheckoutOverviewTest">
        <test-method is-config="true" signature="Launchbrowser()[pri:0, instance:tests.CheckoutOverviewTest@2ccca26f]" started-at="2026-06-27T16:39:01 IST" name="Launchbrowser" finished-at="2026-06-27T16:39:08 IST" duration-ms="7369" status="PASS">
          <reporter-output>
          </reporter-output>
        </test-method> <!-- Launchbrowser -->
        <test-method signature="CheckoutOverview()[pri:0, instance:tests.CheckoutOverviewTest@2ccca26f]" started-at="2026-06-27T16:39:08 IST" name="CheckoutOverview" finished-at="2026-06-27T16:39:29 IST" duration-ms="20504" status="PASS">
          <reporter-output>
          </reporter-output>
        </test-method> <!-- CheckoutOverview -->
        <test-method is-config="true" signature="tearDown()[pri:0, instance:tests.CheckoutOverviewTest@2ccca26f]" started-at="2026-06-27T16:39:29 IST" name="tearDown" finished-at="2026-06-27T16:39:30 IST" duration-ms="1355" status="PASS">
          <reporter-output>
          </reporter-output>
        </test-method> <!-- tearDown -->
      </class> <!-- tests.CheckoutOverviewTest -->
      <class name="tests.CheckoutTest">
        <test-method is-config="true" signature="Launchbrowser()[pri:0, instance:tests.CheckoutTest@6b44435b]" started-at="2026-06-27T16:38:23 IST" name="Launchbrowser" finished-at="2026-06-27T16:38:40 IST" duration-ms="16762" status="PASS">
          <reporter-output>
          </reporter-output>
        </test-method> <!-- Launchbrowser -->
        <test-method signature="checkout()[pri:0, instance:tests.CheckoutTest@6b44435b]" started-at="2026-06-27T16:38:40 IST" name="checkout" finished-at="2026-06-27T16:38:58 IST" duration-ms="18370" status="PASS">
          <reporter-output>
          </reporter-output>
        </test-method> <!-- checkout -->
        <test-method is-config="true" signature="tearDown()[pri:0, instance:tests.CheckoutTest@6b44435b]" started-at="2026-06-27T16:38:58 IST" name="tearDown" finished-at="2026-06-27T16:39:01 IST" duration-ms="2323" status="PASS">
          <reporter-output>
          </reporter-output>
        </test-method> <!-- tearDown -->
      </class> <!-- tests.CheckoutTest -->
      <class name="tests.LogoutTest">
        <test-method is-config="true" signature="Launchbrowser()[pri:0, instance:tests.LogoutTest@3543df7d]" started-at="2026-06-27T16:40:36 IST" name="Launchbrowser" finished-at="2026-06-27T16:40:43 IST" duration-ms="6974" status="PASS">
          <reporter-output>
          </reporter-output>
        </test-method> <!-- Launchbrowser -->
        <test-method signature="CheckoutOverview()[pri:0, instance:tests.LogoutTest@3543df7d]" started-at="2026-06-27T16:40:43 IST" name="CheckoutOverview" finished-at="2026-06-27T16:41:15 IST" duration-ms="31177" status="PASS">
          <reporter-output>
          </reporter-output>
        </test-method> <!-- CheckoutOverview -->
        <test-method is-config="true" signature="tearDown()[pri:0, instance:tests.LogoutTest@3543df7d]" started-at="2026-06-27T16:41:15 IST" name="tearDown" finished-at="2026-06-27T16:41:20 IST" duration-ms="5452" status="PASS">
          <reporter-output>
          </reporter-output>
        </test-method> <!-- tearDown -->
      </class> <!-- tests.LogoutTest -->
      <class name="tests.MultipleAddCartTest">
        <test-method is-config="true" signature="Launchbrowser()[pri:0, instance:tests.MultipleAddCartTest@31aa3ca5]" started-at="2026-06-26T19:53:37 IST" name="Launchbrowser" finished-at="2026-06-26T19:53:45 IST" duration-ms="7750" status="PASS">
          <reporter-output>
          </reporter-output>
        </test-method> <!-- Launchbrowser -->
        <test-method signature="verifyMultipleAddCart()[pri:0, instance:tests.MultipleAddCartTest@31aa3ca5]" started-at="2026-06-26T19:53:45 IST" name="verifyMultipleAddCart" finished-at="2026-06-26T19:53:57 IST" duration-ms="12301" status="PASS">
          <reporter-output>
          </reporter-output>
        </test-method> <!-- verifyMultipleAddCart -->
        <test-method is-config="true" signature="tearDown()[pri:0, instance:tests.MultipleAddCartTest@31aa3ca5]" started-at="2026-06-26T19:53:57 IST" name="tearDown" finished-at="2026-06-26T19:53:59 IST" duration-ms="1529" status="PASS">
          <reporter-output>
          </reporter-output>
        </test-method> <!-- tearDown -->
      </class> <!-- tests.MultipleAddCartTest -->
    </test> <!-- Test1 -->
  </suite> <!-- ecommerce -->
</testng-results>
