<?xml version="1.0" encoding="UTF-8"?>
<testsuite xmlns:xsi="http://www.w3.org/2001/XMLSchema-instance" xsi:noNamespaceSchemaLocation="https://maven.apache.org/surefire/maven-surefire-plugin/xsd/surefire-test-report.xsd" version="3.0.2" name="TestSuite" time="74895.15" tests="11" errors="0" skipped="0" failures="1">
  <properties>
[...]
</properties>
  <testcase name="login" classname="tests.LoginTest" time="0.96">
    <system-out><![CDATA[2026-06-26 19:53:08 INFO  BaseClass:29 - ===============  Test Execution Started ==============
2026-06-26 19:53:14 INFO  BaseClass:46 - ==================== application opned =======================
2026-06-26 19:53:15 INFO  BaseClass:20 - ====== user is on login page for loginTest ======
2026-06-26 19:53:15 INFO  BaseClass:22 - Login successful
]]></system-out>
    <system-err><![CDATA[[main] WARN org.testng.xml.TestNGContentHandler - It is strongly recommended to add "<!DOCTYPE suite SYSTEM "https://testng.org/testng-1.1.dtd" >" at the top of the suite file [F:\java\project1\testng.xml] otherwise TestNG may fail or not work as expected.
]]></system-err>
  </testcase>
  <testcase name="login" classname="tests.AddCartTest" time="9.154">
    <system-out><![CDATA[2026-06-26 19:53:16 INFO  BaseClass:51 - ======== browser closed ================
2026-06-26 19:53:18 INFO  BaseClass:57 - ============= execution completed ===========
2026-06-26 19:53:18 INFO  BaseClass:29 - ===============  Test Execution Started ==============
2026-06-26 19:53:26 INFO  BaseClass:46 - ==================== application opned =======================
2026-06-26 19:53:29 INFO  BaseClass:24 - ==== user is in Home Screen ---- AddCartTest =====
2026-06-26 19:53:35 INFO  BaseClass:34 - items is displayed in after view Cart ---- AddCartTest
]]></system-out>
  </testcase>
  <testcase name="verifyMultipleAddCart" classname="tests.MultipleAddCartTest" time="12.304">
    <system-out><![CDATA[2026-06-26 19:53:35 INFO  BaseClass:51 - ======== browser closed ================
2026-06-26 19:53:37 INFO  BaseClass:57 - ============= execution completed ===========
2026-06-26 19:53:37 INFO  BaseClass:29 - ===============  Test Execution Started ==============
2026-06-26 19:53:45 INFO  BaseClass:46 - ==================== application opned =======================
2026-06-26 19:53:45 INFO  BaseClass:20 - ====== user is on login page ======
2026-06-26 19:53:46 INFO  BaseClass:24 - Login successful
2026-06-26 19:53:46 INFO  BaseClass:26 - ==== user is in Home Screen ---- MultipleAddCartTest =====
After Backpack = 1
After Bike Light = 2
Cart Count = 2
2026-06-26 19:53:57 INFO  BaseClass:39 - Two Products Added Successfully
]]></system-out>
  </testcase>
  <testcase name="removeCartTest" classname="tests.RemoveCartTest" time="8.162">
    <system-out><![CDATA[2026-06-26 19:53:57 INFO  BaseClass:51 - ======== browser closed ================
2026-06-26 19:53:59 INFO  BaseClass:57 - ============= execution completed ===========
2026-06-26 19:53:59 INFO  BaseClass:29 - ===============  Test Execution Started ==============
2026-06-26 19:54:07 INFO  BaseClass:46 - ==================== application opned =======================
2026-06-26 19:54:08 INFO  BaseClass:22 - =========  Remove Cart items ============
2026-06-26 19:54:15 INFO  BaseClass:33 - =======  removed exeution started ======= 
2026-06-26 19:54:15 INFO  BaseClass:38 -  ======== Product removed successfully =======
]]></system-out>
  </testcase>
  <testcase name="login" classname="tests.ContinueShoppingTest" time="8.624">
    <system-out><![CDATA[2026-06-26 19:54:15 INFO  BaseClass:51 - ======== browser closed ================
2026-06-26 19:54:17 INFO  BaseClass:57 - ============= execution completed ===========
2026-06-26 19:54:17 INFO  BaseClass:29 - ===============  Test Execution Started ==============
2026-06-26 19:54:22 INFO  BaseClass:46 - ==================== application opned =======================
2026-06-26 19:54:23 INFO  BaseClass:23 -  ======= Add to cart page this =========
2026-06-26 19:54:29 INFO  BaseClass:33 - ======== item add to cart and items views ======== 
===== CART PRODUCTS =====
Sauce Labs Backpack
Sauce Labs Bike Light
2026-06-26 19:54:31 INFO  BaseClass:41 -  ======== Continue shopping flow completed successfully started ======== 
2026-06-26 19:54:31 INFO  BaseClass:48 - Continue shopping flow completed successfully
]]></system-out>
  </testcase>
  <testcase name="view" classname="tests.ViewCartTest" time="13.956">
    <system-out><![CDATA[2026-06-26 19:54:31 INFO  BaseClass:51 - ======== browser closed ================
2026-06-26 19:54:33 INFO  BaseClass:57 - ============= execution completed ===========
2026-06-26 19:54:33 INFO  BaseClass:29 - ===============  Test Execution Started ==============
2026-06-26 19:54:39 INFO  BaseClass:46 - ==================== application opned =======================
2026-06-26 19:54:39 INFO  BaseClass:20 - ====== user is on login page ======
2026-06-26 19:54:40 INFO  BaseClass:24 - Login successful
2026-06-26 19:54:40 INFO  BaseClass:28 - ====== add item to cart ViewCart ==========
2026-06-26 19:54:47 INFO  BaseClass:36 - Cart page opened successfully
2026-06-26 19:54:53 INFO  BaseClass:46 - Checkout page details opened successfully
]]></system-out>
  </testcase>
  <testcase name="tearDown" classname="tests.ViewCartTest" time="74623.59">
    <failure message="Timed out waiting for driver server to stop.&#10;Build info: version: &apos;4.45.0&apos;, revision: &apos;cd6a3cd cd6a3cdfca6970f62e5bc8344109d0fe0e2af05e&apos;&#10;System info: os.name: &apos;Windows 10&apos;, os.arch: &apos;amd64&apos;, os.version: &apos;10.0&apos;, java.version: &apos;25.0.3&apos;&#10;Driver info: org.openqa.selenium.firefox.FirefoxDriver&#10;Command: [f580c3b0-aa92-4084-a368-c4e3767bdbed, quit {}]&#10;Capabilities {acceptInsecureCerts: true, browserName: firefox, browserVersion: 127.0, moz:accessibilityChecks: false, moz:buildID: 20240606181944, moz:geckodriverVersion: 0.37.0, moz:headless: false, moz:platformVersion: 10.0, moz:processID: 4604, moz:profile: C:\Windows\SystemTemp\rust_..., moz:shutdownTimeout: 60000, moz:webdriverClick: true, moz:windowless: false, pageLoadStrategy: normal, platformName: windows, proxy: Proxy(), setWindowRect: true, strictFileInteractability: false, timeouts: {implicit: 0, pageLoad: 300000, script: 30000}, unhandledPromptBehavior: dismiss and notify, userAgent: Mozilla/5.0 (Windows NT 10....}&#10;Session ID: f580c3b0-aa92-4084-a368-c4e3767bdbed" type="org.openqa.selenium.WebDriverException"><![CDATA[org.openqa.selenium.WebDriverException: 
Timed out waiting for driver server to stop.
Build info: version: '4.45.0', revision: 'cd6a3cd cd6a3cdfca6970f62e5bc8344109d0fe0e2af05e'
System info: os.name: 'Windows 10', os.arch: 'amd64', os.version: '10.0', java.version: '25.0.3'
Driver info: org.openqa.selenium.firefox.FirefoxDriver
Command: [f580c3b0-aa92-4084-a368-c4e3767bdbed, quit {}]
Capabilities {acceptInsecureCerts: true, browserName: firefox, browserVersion: 127.0, moz:accessibilityChecks: false, moz:buildID: 20240606181944, moz:geckodriverVersion: 0.37.0, moz:headless: false, moz:platformVersion: 10.0, moz:processID: 4604, moz:profile: C:\Windows\SystemTemp\rust_..., moz:shutdownTimeout: 60000, moz:webdriverClick: true, moz:windowless: false, pageLoadStrategy: normal, platformName: windows, proxy: Proxy(), setWindowRect: true, strictFileInteractability: false, timeouts: {implicit: 0, pageLoad: 300000, script: 30000}, unhandledPromptBehavior: dismiss and notify, userAgent: Mozilla/5.0 (Windows NT 10....}
Session ID: f580c3b0-aa92-4084-a368-c4e3767bdbed
	at org.openqa.selenium.remote.service.DriverCommandExecutor.execute(DriverCommandExecutor.java:165)
	at org.openqa.selenium.remote.RemoteWebDriver.execute(RemoteWebDriver.java:575)
	at org.openqa.selenium.remote.RemoteWebDriver.execute(RemoteWebDriver.java:657)
	at org.openqa.selenium.remote.RemoteWebDriver.execute(RemoteWebDriver.java:661)
	at org.openqa.selenium.remote.RemoteWebDriver.quit(RemoteWebDriver.java:474)
	at org.openqa.selenium.firefox.FirefoxDriver.quit(FirefoxDriver.java:278)
	at base.BaseClass.tearDown(BaseClass.java:55)
	at java.base/jdk.internal.reflect.DirectMethodHandleAccessor.invoke(DirectMethodHandleAccessor.java:104)
	at java.base/java.lang.reflect.Method.invoke(Method.java:565)
	at org.testng.internal.invokers.MethodInvocationHelper.invokeMethod(MethodInvocationHelper.java:141)
	at org.testng.internal.invokers.MethodInvocationHelper.invokeMethodConsideringTimeout(MethodInvocationHelper.java:71)
	at org.testng.internal.invokers.ConfigInvoker.invokeConfigurationMethod(ConfigInvoker.java:400)
	at org.testng.internal.invokers.ConfigInvoker.invokeConfigurations(ConfigInvoker.java:333)
	at org.testng.internal.invokers.TestInvoker.runConfigMethods(TestInvoker.java:846)
	at org.testng.internal.invokers.TestInvoker.runAfterConfigurations(TestInvoker.java:815)
	at org.testng.internal.invokers.TestInvoker.invokeMethod(TestInvoker.java:791)
	at org.testng.internal.invokers.TestInvoker.invokeTestMethod(TestInvoker.java:230)
	at org.testng.internal.invokers.MethodRunner.runInSequence(MethodRunner.java:63)
	at org.testng.internal.invokers.TestInvoker$MethodInvocationAgent.invoke(TestInvoker.java:1005)
	at org.testng.internal.invokers.TestInvoker.invokeTestMethods(TestInvoker.java:203)
	at org.testng.internal.invokers.TestMethodWorker.invokeTestMethods(TestMethodWorker.java:154)
	at org.testng.internal.invokers.TestMethodWorker.run(TestMethodWorker.java:134)
	at java.base/java.util.ArrayList.forEach(ArrayList.java:1604)
	at org.testng.TestRunner.privateRun(TestRunner.java:744)
	at org.testng.TestRunner.run(TestRunner.java:616)
	at org.testng.SuiteRunner.runTest(SuiteRunner.java:421)
	at org.testng.SuiteRunner.runSequentially(SuiteRunner.java:413)
	at org.testng.SuiteRunner.privateRun(SuiteRunner.java:373)
	at org.testng.SuiteRunner.run(SuiteRunner.java:312)
	at org.testng.SuiteRunnerWorker.runSuite(SuiteRunnerWorker.java:52)
	at org.testng.SuiteRunnerWorker.run(SuiteRunnerWorker.java:95)
	at org.testng.TestNG.runSuitesSequentially(TestNG.java:1274)
	at org.testng.TestNG.runSuitesLocally(TestNG.java:1208)
	at org.testng.TestNG.runSuites(TestNG.java:1112)
	at org.testng.TestNG.run(TestNG.java:1079)
	at org.apache.maven.surefire.testng.TestNGExecutor.run(TestNGExecutor.java:308)
	at org.apache.maven.surefire.testng.TestNGXmlTestSuite.execute(TestNGXmlTestSuite.java:71)
	at org.apache.maven.surefire.testng.TestNGProvider.invoke(TestNGProvider.java:113)
	at org.apache.maven.surefire.booter.ForkedBooter.runSuitesInProcess(ForkedBooter.java:385)
	at org.apache.maven.surefire.booter.ForkedBooter.execute(ForkedBooter.java:162)
	at org.apache.maven.surefire.booter.ForkedBooter.run(ForkedBooter.java:507)
	at org.apache.maven.surefire.booter.ForkedBooter.main(ForkedBooter.java:495)
Caused by: java.util.concurrent.ExecutionException: java.io.UncheckedIOException: java.io.IOException: closed
	at java.base/java.util.concurrent.CompletableFuture.wrapInExecutionException(CompletableFuture.java:345)
	at java.base/java.util.concurrent.CompletableFuture.reportGet(CompletableFuture.java:440)
	at java.base/java.util.concurrent.CompletableFuture.get(CompletableFuture.java:2117)
	at org.openqa.selenium.remote.service.DriverCommandExecutor.execute(DriverCommandExecutor.java:161)
	... 41 more
Caused by: java.io.UncheckedIOException: java.io.IOException: closed
	at org.openqa.selenium.remote.http.jdk.JdkHttpMessages.readResponseBody(JdkHttpMessages.java:194)
	at org.openqa.selenium.remote.http.jdk.JdkHttpMessages.extractContent(JdkHttpMessages.java:179)
	at org.openqa.selenium.remote.http.jdk.JdkHttpMessages.createResponse(JdkHttpMessages.java:153)
	at org.openqa.selenium.remote.http.jdk.JdkHttpClient.execute0(JdkHttpClient.java:488)
	at org.openqa.selenium.remote.http.AddSeleniumUserAgent.lambda$apply$0(AddSeleniumUserAgent.java:46)
	at org.openqa.selenium.remote.http.Filter.lambda$andFinally$0(Filter.java:55)
	at org.openqa.selenium.remote.http.jdk.JdkHttpClient.lambda$executeAsync$0(JdkHttpClient.java:399)
	at java.base/java.util.concurrent.Executors$RunnableAdapter.call(Executors.java:545)
	at java.base/java.util.concurrent.FutureTask.run(FutureTask.java:328)
	at java.base/java.util.concurrent.ThreadPoolExecutor.runWorker(ThreadPoolExecutor.java:1090)
	at java.base/java.util.concurrent.ThreadPoolExecutor$Worker.run(ThreadPoolExecutor.java:614)
	at java.base/java.lang.Thread.run(Thread.java:1474)
Caused by: java.io.IOException: closed
	at java.net.http/jdk.internal.net.http.ResponseSubscribers$HttpResponseInputStream.current(ResponseSubscribers.java:359)
	at java.net.http/jdk.internal.net.http.ResponseSubscribers$HttpResponseInputStream.read(ResponseSubscribers.java:419)
	at java.base/java.io.InputStream.read(InputStream.java:222)
	at org.openqa.selenium.io.Read.toByteArray(Read.java:46)
	at org.openqa.selenium.remote.http.jdk.JdkHttpMessages.readResponseBody(JdkHttpMessages.java:192)
	... 11 more
Caused by: java.net.http.HttpTimeoutException: request timed out
	at java.net.http/jdk.internal.net.http.ResponseTimerEvent.handle(ResponseTimerEvent.java:63)
	at java.net.http/jdk.internal.net.http.HttpClientImpl.purgeTimeoutsAndReturnNextDeadline(HttpClientImpl.java:1751)
	at java.net.http/jdk.internal.net.http.HttpClientImpl$SelectorManager.run(HttpClientImpl.java:1307)
]]></failure>
    <system-out><![CDATA[2026-06-26 19:54:53 INFO  BaseClass:51 - ======== browser closed ================
]]></system-out>
    <system-err><![CDATA[Jun 27, 2026 4:38:22 PM org.openqa.selenium.concurrent.ExecutorServices shutdownGracefully
WARNING: Failed to shutdown Driver Command Executor
]]></system-err>
  </testcase>
  <testcase name="checkout" classname="tests.CheckoutTest" time="18.396">
    <system-out><![CDATA[2026-06-27 16:38:23 INFO  BaseClass:29 - ===============  Test Execution Started ==============
2026-06-27 16:38:40 INFO  BaseClass:46 - ==================== application opned =======================
2026-06-27 16:38:40 INFO  BaseClass:21 - ====== User is on Login Page ======
2026-06-27 16:38:42 INFO  BaseClass:25 - Login Successful
2026-06-27 16:38:48 INFO  BaseClass:30 - Product Added To Cart
2026-06-27 16:38:55 INFO  BaseClass:35 - Checkout Button Clicked
2026-06-27 16:38:58 INFO  BaseClass:41 - Checkout Information Entered
2026-06-27 16:38:58 INFO  BaseClass:47 - Checkout Overview Page Opened Successfully
]]></system-out>
  </testcase>
  <testcase name="CheckoutOverview" classname="tests.CheckoutOverviewTest" time="20.505">
    <system-out><![CDATA[2026-06-27 16:38:58 INFO  BaseClass:51 - ======== browser closed ================
2026-06-27 16:39:01 INFO  BaseClass:57 - ============= execution completed ===========
2026-06-27 16:39:01 INFO  BaseClass:29 - ===============  Test Execution Started ==============
2026-06-27 16:39:08 INFO  BaseClass:46 - ==================== application opned =======================
2026-06-27 16:39:25 INFO  BaseClass:33 -  ======== Checkout overview page is displayed ========== 
Product Name : Sauce Labs Backpack
Product Price : $29.99
Payment Info : SauceCard #31337
Total Price : Total: $32.39
2026-06-27 16:39:28 INFO  BaseClass:48 -  ======== Checkout overview page is completed ========== 
Order Status : Thank you for your order!
2026-06-27 16:39:29 INFO  BaseClass:58 - Order Placed Successfully
]]></system-out>
  </testcase>
  <testcase name="CheckoutOverview" classname="tests.BackHomeTest" time="30.253">
    <system-out><![CDATA[2026-06-27 16:39:29 INFO  BaseClass:51 - ======== browser closed ================
2026-06-27 16:39:30 INFO  BaseClass:57 - ============= execution completed ===========
2026-06-27 16:39:30 INFO  BaseClass:29 - ===============  Test Execution Started ==============
2026-06-27 16:39:38 INFO  BaseClass:46 - ==================== application opned =======================
Product Name : Sauce Labs Backpack
Product Price : $29.99
Payment Info : SauceCard #31337
Total Price : Total: $32.39
Order Status : Thank you for your order!
2026-06-27 16:40:04 INFO  BaseClass:55 - Order Placed Successfully for prodcut .... Back Home page
2026-06-27 16:40:04 INFO  BaseClass:59 -  ======= Navigating back to Home Screen Started =====
2026-06-27 16:40:09 INFO  BaseClass:63 -  ======= Navigating back to Home Screen Started =====
User navigated to Products Page
]]></system-out>
  </testcase>
  <testcase name="CheckoutOverview" classname="tests.LogoutTest" time="31.2">
    <system-out><![CDATA[2026-06-27 16:40:09 INFO  BaseClass:51 - ======== browser closed ================
2026-06-27 16:40:36 INFO  BaseClass:57 - ============= execution completed ===========
2026-06-27 16:40:36 INFO  BaseClass:29 - ===============  Test Execution Started ==============
2026-06-27 16:40:43 INFO  BaseClass:46 - ==================== application opned =======================
Product Name : Sauce Labs Backpack
Product Price : $29.99
Payment Info : SauceCard #31337
Total Price : Total: $32.39
Order Status : Thank you for your order!
2026-06-27 16:41:05 INFO  BaseClass:56 - Order Placed Successfully
User navigated to Products Page
2026-06-27 16:41:10 INFO  BaseClass:67 - =======Click on menu icon ======
2026-06-27 16:41:15 INFO  BaseClass:73 - ======= User Should Navigated Back to Home Screeen ======
Logout Successful
]]></system-out>
  </testcase>
</testsuite>