<?xml version="1.0" encoding="UTF-8"?>
<testng-results ignored="0" total="10" passed="10" failed="0" skipped="0">
  <reporter-output>
  </reporter-output>
  <suite started-at="2026-06-29T22:41:01 IST" name="ecommerce" finished-at="2026-06-29T22:43:29 IST" duration-ms="147979">
    <groups>
    </groups>
    <test started-at="2026-06-29T22:41:01 IST" name="Firefox" finished-at="2026-06-29T22:43:29 IST" duration-ms="147979">
      <class name="tests.RemoveCartTest">
        <test-method is-config="true" signature="launchBrowser(java.lang.String)[pri:0, instance:tests.RemoveCartTest@1522d8a0]" started-at="2026-06-29T22:41:42 IST" name="launchBrowser" finished-at="2026-06-29T22:41:49 IST" duration-ms="7938" status="PASS">
          <params>
            <param index="0">
              <value>
                <![CDATA[firefox]]>
              </value>
            </param>
          </params>
          <reporter-output>
          </reporter-output>
        </test-method> <!-- launchBrowser -->
        <test-method signature="removeCartTest(java.lang.String,java.lang.String)[pri:0, instance:tests.RemoveCartTest@1522d8a0]" started-at="2026-06-29T22:41:49 IST" name="removeCartTest" data-provider="loginData" finished-at="2026-06-29T22:41:51 IST" duration-ms="1064" status="PASS">
          <params>
            <param index="0">
              <value>
                <![CDATA[standard_user]]>
              </value>
            </param>
            <param index="1">
              <value>
                <![CDATA[secret_sauce]]>
              </value>
            </param>
          </params>
          <reporter-output>
          </reporter-output>
        </test-method> <!-- removeCartTest -->
        <test-method is-config="true" signature="tearDown()[pri:0, instance:tests.RemoveCartTest@1522d8a0]" started-at="2026-06-29T22:41:51 IST" name="tearDown" finished-at="2026-06-29T22:41:53 IST" duration-ms="2748" status="PASS">
          <reporter-output>
          </reporter-output>
        </test-method> <!-- tearDown -->
      </class> <!-- tests.RemoveCartTest -->
      <class name="tests.LoginTest">
        <test-method is-config="true" signature="launchBrowser(java.lang.String)[pri:0, instance:tests.LoginTest@1c3146bc]" started-at="2026-06-29T22:41:01 IST" name="launchBrowser" finished-at="2026-06-29T22:41:16 IST" duration-ms="15184" status="PASS">
          <params>
            <param index="0">
              <value>
                <![CDATA[firefox]]>
              </value>
            </param>
          </params>
          <reporter-output>
          </reporter-output>
        </test-method> <!-- launchBrowser -->
        <test-method signature="loginTest(java.lang.String,java.lang.String)[pri:0, instance:tests.LoginTest@1c3146bc]" started-at="2026-06-29T22:41:16 IST" name="loginTest" data-provider="loginData" finished-at="2026-06-29T22:41:17 IST" duration-ms="752" status="PASS">
          <params>
            <param index="0">
              <value>
                <![CDATA[standard_user]]>
              </value>
            </param>
            <param index="1">
              <value>
                <![CDATA[secret_sauce]]>
              </value>
            </param>
          </params>
          <reporter-output>
          </reporter-output>
        </test-method> <!-- loginTest -->
        <test-method is-config="true" signature="tearDown()[pri:0, instance:tests.LoginTest@1c3146bc]" started-at="2026-06-29T22:41:17 IST" name="tearDown" finished-at="2026-06-29T22:41:19 IST" duration-ms="1515" status="PASS">
          <reporter-output>
          </reporter-output>
        </test-method> <!-- tearDown -->
      </class> <!-- tests.LoginTest -->
      <class name="tests.AddCartTest">
        <test-method is-config="true" signature="launchBrowser(java.lang.String)[pri:0, instance:tests.AddCartTest@7ec3394b]" started-at="2026-06-29T22:41:19 IST" name="launchBrowser" finished-at="2026-06-29T22:41:27 IST" duration-ms="8640" status="PASS">
          <params>
            <param index="0">
              <value>
                <![CDATA[firefox]]>
              </value>
            </param>
          </params>
          <reporter-output>
          </reporter-output>
        </test-method> <!-- launchBrowser -->
        <test-method signature="addToCartTest(java.lang.String,java.lang.String)[pri:0, instance:tests.AddCartTest@7ec3394b]" started-at="2026-06-29T22:41:27 IST" name="addToCartTest" data-provider="loginData" finished-at="2026-06-29T22:41:28 IST" duration-ms="898" status="PASS">
          <params>
            <param index="0">
              <value>
                <![CDATA[standard_user]]>
              </value>
            </param>
            <param index="1">
              <value>
                <![CDATA[secret_sauce]]>
              </value>
            </param>
          </params>
          <reporter-output>
          </reporter-output>
        </test-method> <!-- addToCartTest -->
        <test-method is-config="true" signature="tearDown()[pri:0, instance:tests.AddCartTest@7ec3394b]" started-at="2026-06-29T22:41:28 IST" name="tearDown" finished-at="2026-06-29T22:41:30 IST" duration-ms="2313" status="PASS">
          <reporter-output>
          </reporter-output>
        </test-method> <!-- tearDown -->
      </class> <!-- tests.AddCartTest -->
      <class name="tests.ViewCartTest">
        <test-method is-config="true" signature="launchBrowser(java.lang.String)[pri:0, instance:tests.ViewCartTest@5644dc81]" started-at="2026-06-29T22:42:05 IST" name="launchBrowser" finished-at="2026-06-29T22:42:11 IST" duration-ms="6023" status="PASS">
          <params>
            <param index="0">
              <value>
                <![CDATA[firefox]]>
              </value>
            </param>
          </params>
          <reporter-output>
          </reporter-output>
        </test-method> <!-- launchBrowser -->
        <test-method signature="view(java.lang.String,java.lang.String)[pri:0, instance:tests.ViewCartTest@5644dc81]" started-at="2026-06-29T22:42:11 IST" name="view" data-provider="loginData" finished-at="2026-06-29T22:42:18 IST" duration-ms="7054" status="PASS">
          <params>
            <param index="0">
              <value>
                <![CDATA[standard_user]]>
              </value>
            </param>
            <param index="1">
              <value>
                <![CDATA[secret_sauce]]>
              </value>
            </param>
          </params>
          <reporter-output>
          </reporter-output>
        </test-method> <!-- view -->
        <test-method is-config="true" signature="tearDown()[pri:0, instance:tests.ViewCartTest@5644dc81]" started-at="2026-06-29T22:42:18 IST" name="tearDown" finished-at="2026-06-29T22:42:20 IST" duration-ms="2470" status="PASS">
          <reporter-output>
          </reporter-output>
        </test-method> <!-- tearDown -->
      </class> <!-- tests.ViewCartTest -->
      <class name="tests.BackHomeTest">
        <test-method is-config="true" signature="launchBrowser(java.lang.String)[pri:0, instance:tests.BackHomeTest@4351c8c3]" started-at="2026-06-29T22:42:52 IST" name="launchBrowser" finished-at="2026-06-29T22:42:59 IST" duration-ms="6983" status="PASS">
          <params>
            <param index="0">
              <value>
                <![CDATA[firefox]]>
              </value>
            </param>
          </params>
          <reporter-output>
          </reporter-output>
        </test-method> <!-- launchBrowser -->
        <test-method signature="endToEndCheckoutTest(java.lang.String,java.lang.String)[pri:0, instance:tests.BackHomeTest@4351c8c3]" started-at="2026-06-29T22:42:59 IST" name="endToEndCheckoutTest" data-provider="loginData" finished-at="2026-06-29T22:43:08 IST" duration-ms="8178" status="PASS">
          <params>
            <param index="0">
              <value>
                <![CDATA[standard_user]]>
              </value>
            </param>
            <param index="1">
              <value>
                <![CDATA[secret_sauce]]>
              </value>
            </param>
          </params>
          <reporter-output>
          </reporter-output>
        </test-method> <!-- endToEndCheckoutTest -->
        <test-method is-config="true" signature="tearDown()[pri:0, instance:tests.BackHomeTest@4351c8c3]" started-at="2026-06-29T22:43:08 IST" name="tearDown" finished-at="2026-06-29T22:43:09 IST" duration-ms="1017" status="PASS">
          <reporter-output>
          </reporter-output>
        </test-method> <!-- tearDown -->
      </class> <!-- tests.BackHomeTest -->
      <class name="tests.ContinueShoppingTest">
        <test-method is-config="true" signature="launchBrowser(java.lang.String)[pri:0, instance:tests.ContinueShoppingTest@312ab28e]" started-at="2026-06-29T22:41:53 IST" name="launchBrowser" finished-at="2026-06-29T22:42:00 IST" duration-ms="7074" status="PASS">
          <params>
            <param index="0">
              <value>
                <![CDATA[firefox]]>
              </value>
            </param>
          </params>
          <reporter-output>
          </reporter-output>
        </test-method> <!-- launchBrowser -->
        <test-method signature="login(java.lang.String,java.lang.String)[pri:0, instance:tests.ContinueShoppingTest@312ab28e]" started-at="2026-06-29T22:42:00 IST" name="login" data-provider="loginData" finished-at="2026-06-29T22:42:02 IST" duration-ms="1869" status="PASS">
          <params>
            <param index="0">
              <value>
                <![CDATA[standard_user]]>
              </value>
            </param>
            <param index="1">
              <value>
                <![CDATA[secret_sauce]]>
              </value>
            </param>
          </params>
          <reporter-output>
          </reporter-output>
        </test-method> <!-- login -->
        <test-method is-config="true" signature="tearDown()[pri:0, instance:tests.ContinueShoppingTest@312ab28e]" started-at="2026-06-29T22:42:02 IST" name="tearDown" finished-at="2026-06-29T22:42:05 IST" duration-ms="2311" status="PASS">
          <reporter-output>
          </reporter-output>
        </test-method> <!-- tearDown -->
      </class> <!-- tests.ContinueShoppingTest -->
      <class name="tests.CheckoutOverviewTest">
        <test-method is-config="true" signature="launchBrowser(java.lang.String)[pri:0, instance:tests.CheckoutOverviewTest@278bb07e]" started-at="2026-06-29T22:42:36 IST" name="launchBrowser" finished-at="2026-06-29T22:42:43 IST" duration-ms="7270" status="PASS">
          <params>
            <param index="0">
              <value>
                <![CDATA[firefox]]>
              </value>
            </param>
          </params>
          <reporter-output>
          </reporter-output>
        </test-method> <!-- launchBrowser -->
        <test-method signature="CheckoutOverview(java.lang.String,java.lang.String)[pri:0, instance:tests.CheckoutOverviewTest@278bb07e]" started-at="2026-06-29T22:42:43 IST" name="CheckoutOverview" data-provider="loginData" finished-at="2026-06-29T22:42:51 IST" duration-ms="8211" status="PASS">
          <params>
            <param index="0">
              <value>
                <![CDATA[standard_user]]>
              </value>
            </param>
            <param index="1">
              <value>
                <![CDATA[secret_sauce]]>
              </value>
            </param>
          </params>
          <reporter-output>
          </reporter-output>
        </test-method> <!-- CheckoutOverview -->
        <test-method is-config="true" signature="tearDown()[pri:0, instance:tests.CheckoutOverviewTest@278bb07e]" started-at="2026-06-29T22:42:51 IST" name="tearDown" finished-at="2026-06-29T22:42:52 IST" duration-ms="1033" status="PASS">
          <reporter-output>
          </reporter-output>
        </test-method> <!-- tearDown -->
      </class> <!-- tests.CheckoutOverviewTest -->
      <class name="tests.CheckoutTest">
        <test-method is-config="true" signature="launchBrowser(java.lang.String)[pri:0, instance:tests.CheckoutTest@246f8b8b]" started-at="2026-06-29T22:42:20 IST" name="launchBrowser" finished-at="2026-06-29T22:42:27 IST" duration-ms="7108" status="PASS">
          <params>
            <param index="0">
              <value>
                <![CDATA[firefox]]>
              </value>
            </param>
          </params>
          <reporter-output>
          </reporter-output>
        </test-method> <!-- launchBrowser -->
        <test-method signature="checkout(java.lang.String,java.lang.String)[pri:0, instance:tests.CheckoutTest@246f8b8b]" started-at="2026-06-29T22:42:27 IST" name="checkout" data-provider="loginData" finished-at="2026-06-29T22:42:35 IST" duration-ms="7556" status="PASS">
          <params>
            <param index="0">
              <value>
                <![CDATA[standard_user]]>
              </value>
            </param>
            <param index="1">
              <value>
                <![CDATA[secret_sauce]]>
              </value>
            </param>
          </params>
          <reporter-output>
          </reporter-output>
        </test-method> <!-- checkout -->
        <test-method is-config="true" signature="tearDown()[pri:0, instance:tests.CheckoutTest@246f8b8b]" started-at="2026-06-29T22:42:35 IST" name="tearDown" finished-at="2026-06-29T22:42:36 IST" duration-ms="1104" status="PASS">
          <reporter-output>
          </reporter-output>
        </test-method> <!-- tearDown -->
      </class> <!-- tests.CheckoutTest -->
      <class name="tests.LogoutTest">
        <test-method is-config="true" signature="launchBrowser(java.lang.String)[pri:0, instance:tests.LogoutTest@3381b4fc]" started-at="2026-06-29T22:43:09 IST" name="launchBrowser" finished-at="2026-06-29T22:43:15 IST" duration-ms="6513" status="PASS">
          <params>
            <param index="0">
              <value>
                <![CDATA[firefox]]>
              </value>
            </param>
          </params>
          <reporter-output>
          </reporter-output>
        </test-method> <!-- launchBrowser -->
        <test-method signature="CheckoutOverview(java.lang.String,java.lang.String)[pri:0, instance:tests.LogoutTest@3381b4fc]" started-at="2026-06-29T22:43:15 IST" name="CheckoutOverview" data-provider="loginData" finished-at="2026-06-29T22:43:27 IST" duration-ms="12314" status="PASS">
          <params>
            <param index="0">
              <value>
                <![CDATA[standard_user]]>
              </value>
            </param>
            <param index="1">
              <value>
                <![CDATA[secret_sauce]]>
              </value>
            </param>
          </params>
          <reporter-output>
          </reporter-output>
        </test-method> <!-- CheckoutOverview -->
        <test-method is-config="true" signature="tearDown()[pri:0, instance:tests.LogoutTest@3381b4fc]" started-at="2026-06-29T22:43:27 IST" name="tearDown" finished-at="2026-06-29T22:43:29 IST" duration-ms="1152" status="PASS">
          <reporter-output>
          </reporter-output>
        </test-method> <!-- tearDown -->
      </class> <!-- tests.LogoutTest -->
      <class name="tests.MultipleAddCartTest">
        <test-method is-config="true" signature="launchBrowser(java.lang.String)[pri:0, instance:tests.MultipleAddCartTest@bff34c6]" started-at="2026-06-29T22:41:30 IST" name="launchBrowser" finished-at="2026-06-29T22:41:38 IST" duration-ms="7706" status="PASS">
          <params>
            <param index="0">
              <value>
                <![CDATA[firefox]]>
              </value>
            </param>
          </params>
          <reporter-output>
          </reporter-output>
        </test-method> <!-- launchBrowser -->
        <test-method signature="verifyMultipleAddCart(java.lang.String,java.lang.String)[pri:0, instance:tests.MultipleAddCartTest@bff34c6]" started-at="2026-06-29T22:41:38 IST" name="verifyMultipleAddCart" data-provider="loginData" finished-at="2026-06-29T22:41:39 IST" duration-ms="1096" status="PASS">
          <params>
            <param index="0">
              <value>
                <![CDATA[standard_user]]>
              </value>
            </param>
            <param index="1">
              <value>
                <![CDATA[secret_sauce]]>
              </value>
            </param>
          </params>
          <reporter-output>
          </reporter-output>
        </test-method> <!-- verifyMultipleAddCart -->
        <test-method is-config="true" signature="tearDown()[pri:0, instance:tests.MultipleAddCartTest@bff34c6]" started-at="2026-06-29T22:41:39 IST" name="tearDown" finished-at="2026-06-29T22:41:42 IST" duration-ms="2273" status="PASS">
          <reporter-output>
          </reporter-output>
        </test-method> <!-- tearDown -->
      </class> <!-- tests.MultipleAddCartTest -->
    </test> <!-- Firefox -->
  </suite> <!-- ecommerce -->
</testng-results>
