<?xml version="1.0" encoding="UTF-8"?>
<testsuite xmlns:xsi="http://www.w3.org/2001/XMLSchema-instance" xsi:noNamespaceSchemaLocation="https://maven.apache.org/surefire/maven-surefire-plugin/xsd/surefire-test-report.xsd" version="3.0.2" name="TestSuite" time="150.088" tests="10" errors="0" skipped="0" failures="0">
  <properties>
[...]
</properties>
  <testcase name="loginTest[standard_user, secret_sauce](1)" classname="tests.LoginTest" time="0.892">
    <system-out><![CDATA[2026-06-29 22:41:16 INFO  BaseClass:72 - Browser launched: firefox
Test Started: loginTest
2026-06-29 22:41:16 INFO  BaseClass:17 - ====== User is on Login Page ======
2026-06-29 22:41:17 INFO  BaseClass:21 - Login attempted with user: standard_user
2026-06-29 22:41:17 INFO  BaseClass:25 - Current URL after login: https://www.saucedemo.com/inventory.html
2026-06-29 22:41:17 INFO  BaseClass:34 - Login successful for user: standard_user
Test Passed: loginTest
]]></system-out>
    <system-err><![CDATA[SLF4J(W): No SLF4J providers were found.
SLF4J(W): Defaulting to no-operation (NOP) logger implementation
SLF4J(W): See https://www.slf4j.org/codes.html#noProviders for further details.
SLF4J(W): Class path contains SLF4J bindings targeting slf4j-api versions 1.7.x or earlier.
SLF4J(W): Ignoring binding found at [jar:file:/C:/Users/SRINIVASGARU/.m2/repository/org/apache/logging/log4j/log4j-slf4j-impl/2.24.3/log4j-slf4j-impl-2.24.3.jar!/org/slf4j/impl/StaticLoggerBinder.class]
SLF4J(W): See https://www.slf4j.org/codes.html#ignoredBindings for an explanation.
]]></system-err>
  </testcase>
  <testcase name="addToCartTest[standard_user, secret_sauce](1)" classname="tests.AddCartTest" time="0.903">
    <system-out><![CDATA[2026-06-29 22:41:19 INFO  BaseClass:85 - Browser closed successfully
2026-06-29 22:41:27 INFO  BaseClass:72 - Browser launched: firefox
Test Started: addToCartTest
2026-06-29 22:41:27 INFO  BaseClass:22 - User is on Login Page
2026-06-29 22:41:28 INFO  BaseClass:28 - Login attempted with user: standard_user
2026-06-29 22:41:28 INFO  BaseClass:37 - User is on Inventory Page - Starting Add to Cart flow
Navigated to cart page: https://www.saucedemo.com/cart.html
2026-06-29 22:41:28 INFO  BaseClass:43 - Item added and cart opened successfully
Test Passed: addToCartTest
]]></system-out>
  </testcase>
  <testcase name="verifyMultipleAddCart[standard_user, secret_sauce](1)" classname="tests.MultipleAddCartTest" time="1.083">
    <system-out><![CDATA[2026-06-29 22:41:30 INFO  BaseClass:85 - Browser closed successfully
2026-06-29 22:41:38 INFO  BaseClass:72 - Browser launched: firefox
Test Started: verifyMultipleAddCart
2026-06-29 22:41:38 INFO  BaseClass:22 - ====== Login Test Started ======
2026-06-29 22:41:39 INFO  BaseClass:26 - Login attempted for user: standard_user
2026-06-29 22:41:39 INFO  BaseClass:34 - Login successful - Inventory Page opened
After Backpack = 1
After Bike Light = 2
2026-06-29 22:41:39 INFO  BaseClass:40 - Cart Count after adding products: 2
2026-06-29 22:41:39 INFO  BaseClass:55 - Cart opened successfully with 2 products
Test Passed: verifyMultipleAddCart
]]></system-out>
  </testcase>
  <testcase name="removeCartTest[standard_user, secret_sauce](1)" classname="tests.RemoveCartTest" time="1.066">
    <system-out><![CDATA[2026-06-29 22:41:42 INFO  BaseClass:85 - Browser closed successfully
2026-06-29 22:41:49 INFO  BaseClass:72 - Browser launched: firefox
Test Started: removeCartTest
2026-06-29 22:41:50 INFO  BaseClass:24 - =========  Remove Cart items ============
Navigated to cart page: https://www.saucedemo.com/cart.html
2026-06-29 22:41:50 INFO  BaseClass:35 - =======  removed exeution started ======= 
2026-06-29 22:41:51 INFO  BaseClass:40 -  ======== Product removed successfully =======
Test Passed: removeCartTest
]]></system-out>
  </testcase>
  <testcase name="login[standard_user, secret_sauce](1)" classname="tests.ContinueShoppingTest" time="1.892">
    <system-out><![CDATA[2026-06-29 22:41:53 INFO  BaseClass:85 - Browser closed successfully
2026-06-29 22:42:00 INFO  BaseClass:72 - Browser launched: firefox
Test Started: login
2026-06-29 22:42:01 INFO  BaseClass:23 -  ======= Add to cart page this =========
Navigated to cart page: https://www.saucedemo.com/cart.html
2026-06-29 22:42:02 INFO  BaseClass:33 - ======== item add to cart and items views ======== 
===== CART PRODUCTS =====
Sauce Labs Backpack
Sauce Labs Bike Light
2026-06-29 22:42:02 INFO  BaseClass:41 -  ======== Continue shopping flow completed successfully started ======== 
2026-06-29 22:42:02 INFO  BaseClass:48 - Continue shopping flow completed successfully
Test Passed: login
]]></system-out>
  </testcase>
  <testcase name="view[standard_user, secret_sauce](1)" classname="tests.ViewCartTest" time="7.061">
    <system-out><![CDATA[2026-06-29 22:42:05 INFO  BaseClass:85 - Browser closed successfully
2026-06-29 22:42:11 INFO  BaseClass:72 - Browser launched: firefox
Test Started: view
2026-06-29 22:42:11 INFO  BaseClass:23 - ====== user is on login page ======
2026-06-29 22:42:11 INFO  BaseClass:26 - Login successful
2026-06-29 22:42:11 INFO  BaseClass:30 - ====== add item to cart ViewCart ==========
Navigated to cart page: https://www.saucedemo.com/cart.html
2026-06-29 22:42:11 INFO  BaseClass:38 - Cart page opened successfully
2026-06-29 22:42:18 INFO  BaseClass:48 - Checkout page details opened successfully
Test Passed: view
]]></system-out>
  </testcase>
  <testcase name="checkout[standard_user, secret_sauce](1)" classname="tests.CheckoutTest" time="7.556">
    <system-out><![CDATA[2026-06-29 22:42:20 INFO  BaseClass:85 - Browser closed successfully
2026-06-29 22:42:27 INFO  BaseClass:72 - Browser launched: firefox
Test Started: checkout
2026-06-29 22:42:28 INFO  BaseClass:22 - ====== User is on Login Page ======
2026-06-29 22:42:28 INFO  BaseClass:24 - Login Successful
Navigated to cart page: https://www.saucedemo.com/cart.html
2026-06-29 22:42:28 INFO  BaseClass:29 - Product Added To Cart
2026-06-29 22:42:34 INFO  BaseClass:34 - Checkout Button Clicked
2026-06-29 22:42:35 INFO  BaseClass:40 - Checkout Information Entered
2026-06-29 22:42:35 INFO  BaseClass:46 - Checkout Overview Page Opened Successfully
Test Passed: checkout
]]></system-out>
  </testcase>
  <testcase name="CheckoutOverview[standard_user, secret_sauce](1)" classname="tests.CheckoutOverviewTest" time="8.211">
    <system-out><![CDATA[2026-06-29 22:42:36 INFO  BaseClass:85 - Browser closed successfully
2026-06-29 22:42:43 INFO  BaseClass:72 - Browser launched: firefox
Test Started: CheckoutOverview
Navigated to cart page: https://www.saucedemo.com/cart.html
2026-06-29 22:42:51 INFO  BaseClass:32 -  ======== Checkout overview page is displayed ========== 
Product Name : Sauce Labs Backpack
Product Price : $29.99
Payment Info : SauceCard #31337
2026-06-29 22:42:51 INFO  BaseClass:47 -  ======== Checkout overview page is completed ========== 
Order Status : Thank you for your order!
2026-06-29 22:42:51 INFO  BaseClass:57 - Order Placed Successfully
Test Passed: CheckoutOverview
]]></system-out>
  </testcase>
  <testcase name="endToEndCheckoutTest[standard_user, secret_sauce](1)" classname="tests.BackHomeTest" time="8.181">
    <system-out><![CDATA[2026-06-29 22:42:52 INFO  BaseClass:85 - Browser closed successfully
2026-06-29 22:42:59 INFO  BaseClass:72 - Browser launched: firefox
Test Started: endToEndCheckoutTest
2026-06-29 22:42:59 INFO  BaseClass:35 - User login started
2026-06-29 22:43:00 INFO  BaseClass:47 - Adding product to cart
Navigated to cart page: https://www.saucedemo.com/cart.html
2026-06-29 22:43:00 INFO  BaseClass:53 - Navigating to cart and checkout
2026-06-29 22:43:07 INFO  BaseClass:84 - Order summary validated
2026-06-29 22:43:07 INFO  BaseClass:96 - Order placed successfully
2026-06-29 22:43:08 INFO  BaseClass:108 - User successfully returned to home page
Test Passed: endToEndCheckoutTest
]]></system-out>
  </testcase>
  <testcase name="CheckoutOverview[standard_user, secret_sauce](1)" classname="tests.LogoutTest" time="12.321">
    <system-out><![CDATA[2026-06-29 22:43:09 INFO  BaseClass:85 - Browser closed successfully
2026-06-29 22:43:15 INFO  BaseClass:72 - Browser launched: firefox
Test Started: CheckoutOverview
Navigated to cart page: https://www.saucedemo.com/cart.html
Current User : standard_user
Current URL  : https://www.saucedemo.com/checkout-step-two.html
Page Source Contains Product : true
Product Name : Sauce Labs Backpack
Product Price : $29.99
Payment Info : SauceCard #31337
Order Status : Thank you for your order!
2026-06-29 22:43:23 INFO  BaseClass:59 - Order Placed Successfully
User navigated to Products Page
2026-06-29 22:43:23 INFO  BaseClass:70 - =======Click on menu icon ======
2026-06-29 22:43:27 INFO  BaseClass:76 - ======= User Should Navigated Back to Home Screeen ======
Logout Successful
Test Passed: CheckoutOverview
]]></system-out>
  </testcase>
</testsuite>