<?xml version="1.0" encoding="UTF-8"?>
<!-- Generated by org.testng.reporters.JUnitXMLReporter -->
<testsuite ignored="0" hostname="DESKTOP-1OHI8R1" failures="0" tests="10" name="Firefox" time="147.979" errors="0" timestamp="2026-06-29T22:43:29 IST">
  <testcase classname="tests.LoginTest" name="loginTest" time="0.752"/>
  <testcase classname="tests.AddCartTest" name="addToCartTest" time="0.898"/>
  <testcase classname="tests.MultipleAddCartTest" name="verifyMultipleAddCart" time="1.096"/>
  <testcase classname="tests.RemoveCartTest" name="removeCartTest" time="1.064"/>
  <testcase classname="tests.ContinueShoppingTest" name="login" time="1.869"/>
  <testcase classname="tests.ViewCartTest" name="view" time="7.054"/>
  <testcase classname="tests.CheckoutTest" name="checkout" time="7.556"/>
  <testcase classname="tests.CheckoutOverviewTest" name="CheckoutOverview" time="8.211"/>
  <testcase classname="tests.BackHomeTest" name="endToEndCheckoutTest" time="8.178"/>
  <testcase classname="tests.LogoutTest" name="CheckoutOverview" time="12.314"/>
</testsuite> <!-- Firefox -->
