<?xml version="1.0" encoding="UTF-8"?>
<!-- Generated by org.testng.reporters.JUnitXMLReporter -->
<testsuite ignored="0" hostname="DESKTOP-1OHI8R1" failures="0" tests="10" name="Test1" time="74892.522" errors="0" timestamp="2026-06-27T16:41:20 IST">
  <testcase classname="base.BaseClass" name="@AfterMethod tearDown" time="74609.33">
    <failure type="org.openqa.selenium.WebDriverException" message="Timed out waiting for driver server to stop.
Build info: version: &amp;apos;4.45.0&amp;apos;, revision: &amp;apos;cd6a3cd cd6a3cdfca6970f62e5bc8344109d0fe0e2af05e&amp;apos;
System info: os.name: &amp;apos;Windows 10&amp;apos;, os.arch: &amp;apos;amd64&amp;apos;, os.version: &amp;apos;10.0&amp;apos;, java.version: &amp;apos;25.0.3&amp;apos;
Driver info: org.openqa.selenium.firefox.FirefoxDriver
Command: [f580c3b0-aa92-4084-a368-c4e3767bdbed, quit {}]
Capabilities {acceptInsecureCerts: true, browserName: firefox, browserVersion: 127.0, moz:accessibilityChecks: false, moz:buildID: 20240606181944, moz:geckodriverVersion: 0.37.0, moz:headless: false, moz:platformVersion: 10.0, moz:processID: 4604, moz:profile: C:\Windows\SystemTemp\rust_..., moz:shutdownTimeout: 60000, moz:webdriverClick: true, moz:windowless: false, pageLoadStrategy: normal, platformName: windows, proxy: Proxy(), setWindowRect: true, strictFileInteractability: false, timeouts: {implicit: 0, pageLoad: 300000, script: 30000}, unhandledPromptBehavior: dismiss and notify, userAgent: Mozilla/5.0 (Windows NT 10....}
Session ID: f580c3b0-aa92-4084-a368-c4e3767bdbed">
      <![CDATA[org.openqa.selenium.WebDriverException: Timed out waiting for driver server to stop.
Build info: version: '4.45.0', revision: 'cd6a3cd cd6a3cdfca6970f62e5bc8344109d0fe0e2af05e'
System info: os.name: 'Windows 10', os.arch: 'amd64', os.version: '10.0', java.version: '25.0.3'
Driver info: org.openqa.selenium.firefox.FirefoxDriver
Command: [f580c3b0-aa92-4084-a368-c4e3767bdbed, quit {}]
Capabilities {acceptInsecureCerts: true, browserName: firefox, browserVersion: 127.0, moz:accessibilityChecks: false, moz:buildID: 20240606181944, moz:geckodriverVersion: 0.37.0, moz:headless: false, moz:platformVersion: 10.0, moz:processID: 4604, moz:profile: C:\Windows\SystemTemp\rust_..., moz:shutdownTimeout: 60000, moz:webdriverClick: true, moz:windowless: false, pageLoadStrategy: normal, platformName: windows, proxy: Proxy(), setWindowRect: true, strictFileInteractability: false, timeouts: {implicit: 0, pageLoad: 300000, script: 30000}, unhandledPromptBehavior: dismiss and notify, userAgent: Mozilla/5.0 (Windows NT 10....}
Session ID: f580c3b0-aa92-4084-a368-c4e3767bdbed
at org.openqa.selenium.remote.service.DriverCommandExecutor.execute(DriverCommandExecutor.java:165)
at org.openqa.selenium.remote.RemoteWebDriver.execute(RemoteWebDriver.java:575)
at org.openqa.selenium.remote.RemoteWebDriver.execute(RemoteWebDriver.java:657)
at org.openqa.selenium.remote.RemoteWebDriver.execute(RemoteWebDriver.java:661)
at org.openqa.selenium.remote.RemoteWebDriver.quit(RemoteWebDriver.java:474)
at org.openqa.selenium.firefox.FirefoxDriver.quit(FirefoxDriver.java:278)
at base.BaseClass.tearDown(BaseClass.java:55)
at java.base/java.util.ArrayList.forEach(ArrayList.java:1604)
Caused by: java.util.concurrent.ExecutionException: java.io.UncheckedIOException: java.io.IOException: closed
at java.base/java.util.concurrent.CompletableFuture.wrapInExecutionException(CompletableFuture.java:345)
at java.base/java.util.concurrent.CompletableFuture.reportGet(CompletableFuture.java:440)
at java.base/java.util.concurrent.CompletableFuture.get(CompletableFuture.java:2117)
at org.openqa.selenium.remote.service.DriverCommandExecutor.execute(DriverCommandExecutor.java:161)
... 41 more
Caused by: java.io.UncheckedIOException: java.io.IOException: closed
at org.openqa.selenium.remote.http.jdk.JdkHttpMessages.readResponseBody(JdkHttpMessages.java:194)
at org.openqa.selenium.remote.http.jdk.JdkHttpMessages.extractContent(JdkHttpMessages.java:179)
at org.openqa.selenium.remote.http.jdk.JdkHttpMessages.createResponse(JdkHttpMessages.java:153)
at org.openqa.selenium.remote.http.jdk.JdkHttpClient.execute0(JdkHttpClient.java:488)
at org.openqa.selenium.remote.http.AddSeleniumUserAgent.lambda$apply$0(AddSeleniumUserAgent.java:46)
at org.openqa.selenium.remote.http.Filter.lambda$andFinally$0(Filter.java:55)
at org.openqa.selenium.remote.http.jdk.JdkHttpClient.lambda$executeAsync$0(JdkHttpClient.java:399)
at java.base/java.util.concurrent.Executors$RunnableAdapter.call(Executors.java:545)
at java.base/java.util.concurrent.FutureTask.run(FutureTask.java:328)
at java.base/java.util.concurrent.ThreadPoolExecutor.runWorker(ThreadPoolExecutor.java:1090)
at java.base/java.util.concurrent.ThreadPoolExecutor$Worker.run(ThreadPoolExecutor.java:614)
at java.base/java.lang.Thread.run(Thread.java:1474)
Caused by: java.io.IOException: closed
at java.net.http/jdk.internal.net.http.ResponseSubscribers$HttpResponseInputStream.current(ResponseSubscribers.java:359)
at java.net.http/jdk.internal.net.http.ResponseSubscribers$HttpResponseInputStream.read(ResponseSubscribers.java:419)
at java.base/java.io.InputStream.read(InputStream.java:222)
at org.openqa.selenium.io.Read.toByteArray(Read.java:46)
at org.openqa.selenium.remote.http.jdk.JdkHttpMessages.readResponseBody(JdkHttpMessages.java:192)
... 11 more
Caused by: java.net.http.HttpTimeoutException: request timed out
at java.net.http/jdk.internal.net.http.ResponseTimerEvent.handle(ResponseTimerEvent.java:63)
at java.net.http/jdk.internal.net.http.HttpClientImpl.purgeTimeoutsAndReturnNextDeadline(HttpClientImpl.java:1751)
at java.net.http/jdk.internal.net.http.HttpClientImpl$SelectorManager.run(HttpClientImpl.java:1307)
... Removed 34 stack frames]]>
    </failure>
  </testcase> <!-- @AfterMethod tearDown -->
  <testcase classname="tests.LoginTest" name="login" time="0.908"/>
  <testcase classname="tests.AddCartTest" name="login" time="9.152"/>
  <testcase classname="tests.MultipleAddCartTest" name="verifyMultipleAddCart" time="12.301"/>
  <testcase classname="tests.RemoveCartTest" name="removeCartTest" time="8.15"/>
  <testcase classname="tests.ContinueShoppingTest" name="login" time="8.623"/>
  <testcase classname="tests.ViewCartTest" name="view" time="13.955"/>
  <testcase classname="tests.CheckoutTest" name="checkout" time="18.37"/>
  <testcase classname="tests.CheckoutOverviewTest" name="CheckoutOverview" time="20.504"/>
  <testcase classname="tests.BackHomeTest" name="CheckoutOverview" time="30.225"/>
  <testcase classname="tests.LogoutTest" name="CheckoutOverview" time="31.177"/>
</testsuite> <!-- Test1 -->
