<?xml version="1.0" encoding="UTF-8"?>
<testng-results ignored="0" total="10" passed="10" failed="0" skipped="0">
  <reporter-output>
  </reporter-output>
  <suite started-at="2026-07-01T17:47:41 IST" name="ecommerce" finished-at="2026-07-01T17:50:11 IST" duration-ms="149754">
    <groups>
    </groups>
    <test started-at="2026-07-01T17:47:41 IST" name="Firefox" finished-at="2026-07-01T17:50:11 IST" duration-ms="149754">
      <class name="tests.RemoveCartTest">
        <test-method is-config="true" signature="launchBrowser(java.lang.String)[pri:0, instance:tests.RemoveCartTest@186978a6]" started-at="2026-07-01T17:48:22 IST" name="launchBrowser" finished-at="2026-07-01T17:48:28 IST" duration-ms="5316" status="PASS">
          <params>
            <param index="0">
              <value>
                <![CDATA[firefox]]>
              </value>
            </param>
          </params>
          <reporter-output>
          </reporter-output>
        </test-method> <!-- launchBrowser -->
        <test-method signature="removeCartTest(java.lang.String,java.lang.String)[pri:0, instance:tests.RemoveCartTest@186978a6]" started-at="2026-07-01T17:48:28 IST" name="removeCartTest" data-provider="loginData" finished-at="2026-07-01T17:48:29 IST" duration-ms="1176" status="PASS">
          <params>
            <param index="0">
              <value>
                <![CDATA[standard_user]]>
              </value>
            </param>
            <param index="1">
              <value>
                <![CDATA[secret_sauce]]>
              </value>
            </param>
          </params>
          <reporter-output>
          </reporter-output>
        </test-method> <!-- removeCartTest -->
        <test-method is-config="true" signature="tearDown()[pri:0, instance:tests.RemoveCartTest@186978a6]" started-at="2026-07-01T17:48:29 IST" name="tearDown" finished-at="2026-07-01T17:48:31 IST" duration-ms="2354" status="PASS">
          <reporter-output>
          </reporter-output>
        </test-method> <!-- tearDown -->
      </class> <!-- tests.RemoveCartTest -->
      <class name="tests.LoginTest">
        <test-method is-config="true" signature="launchBrowser(java.lang.String)[pri:0, instance:tests.LoginTest@2c104774]" started-at="2026-07-01T17:47:41 IST" name="launchBrowser" finished-at="2026-07-01T17:47:58 IST" duration-ms="16859" status="PASS">
          <params>
            <param index="0">
              <value>
                <![CDATA[firefox]]>
              </value>
            </param>
          </params>
          <reporter-output>
          </reporter-output>
        </test-method> <!-- launchBrowser -->
        <test-method signature="loginTest(java.lang.String,java.lang.String)[pri:0, instance:tests.LoginTest@2c104774]" started-at="2026-07-01T17:47:58 IST" name="loginTest" data-provider="loginData" finished-at="2026-07-01T17:47:59 IST" duration-ms="1041" status="PASS">
          <params>
            <param index="0">
              <value>
                <![CDATA[standard_user]]>
              </value>
            </param>
            <param index="1">
              <value>
                <![CDATA[secret_sauce]]>
              </value>
            </param>
          </params>
          <reporter-output>
          </reporter-output>
        </test-method> <!-- loginTest -->
        <test-method is-config="true" signature="tearDown()[pri:0, instance:tests.LoginTest@2c104774]" started-at="2026-07-01T17:47:59 IST" name="tearDown" finished-at="2026-07-01T17:48:02 IST" duration-ms="2629" status="PASS">
          <reporter-output>
          </reporter-output>
        </test-method> <!-- tearDown -->
      </class> <!-- tests.LoginTest -->
      <class name="tests.AddCartTest">
        <test-method is-config="true" signature="launchBrowser(java.lang.String)[pri:0, instance:tests.AddCartTest@107ed6fc]" started-at="2026-07-01T17:48:02 IST" name="launchBrowser" finished-at="2026-07-01T17:48:10 IST" duration-ms="7698" status="PASS">
          <params>
            <param index="0">
              <value>
                <![CDATA[firefox]]>
              </value>
            </param>
          </params>
          <reporter-output>
          </reporter-output>
        </test-method> <!-- launchBrowser -->
        <test-method signature="addToCartTest(java.lang.String,java.lang.String)[pri:0, instance:tests.AddCartTest@107ed6fc]" started-at="2026-07-01T17:48:10 IST" name="addToCartTest" data-provider="loginData" finished-at="2026-07-01T17:48:11 IST" duration-ms="834" status="PASS">
          <params>
            <param index="0">
              <value>
                <![CDATA[standard_user]]>
              </value>
            </param>
            <param index="1">
              <value>
                <![CDATA[secret_sauce]]>
              </value>
            </param>
          </params>
          <reporter-output>
          </reporter-output>
        </test-method> <!-- addToCartTest -->
        <test-method is-config="true" signature="tearDown()[pri:0, instance:tests.AddCartTest@107ed6fc]" started-at="2026-07-01T17:48:11 IST" name="tearDown" finished-at="2026-07-01T17:48:12 IST" duration-ms="1517" status="PASS">
          <reporter-output>
          </reporter-output>
        </test-method> <!-- tearDown -->
      </class> <!-- tests.AddCartTest -->
      <class name="tests.ViewCartTest">
        <test-method is-config="true" signature="launchBrowser(java.lang.String)[pri:0, instance:tests.ViewCartTest@482d776b]" started-at="2026-07-01T17:48:44 IST" name="launchBrowser" finished-at="2026-07-01T17:48:52 IST" duration-ms="8381" status="PASS">
          <params>
            <param index="0">
              <value>
                <![CDATA[firefox]]>
              </value>
            </param>
          </params>
          <reporter-output>
          </reporter-output>
        </test-method> <!-- launchBrowser -->
        <test-method signature="view(java.lang.String,java.lang.String)[pri:0, instance:tests.ViewCartTest@482d776b]" started-at="2026-07-01T17:48:52 IST" name="view" data-provider="loginData" finished-at="2026-07-01T17:48:59 IST" duration-ms="7300" status="PASS">
          <params>
            <param index="0">
              <value>
                <![CDATA[standard_user]]>
              </value>
            </param>
            <param index="1">
              <value>
                <![CDATA[secret_sauce]]>
              </value>
            </param>
          </params>
          <reporter-output>
          </reporter-output>
        </test-method> <!-- view -->
        <test-method is-config="true" signature="tearDown()[pri:0, instance:tests.ViewCartTest@482d776b]" started-at="2026-07-01T17:48:59 IST" name="tearDown" finished-at="2026-07-01T17:49:01 IST" duration-ms="1575" status="PASS">
          <reporter-output>
          </reporter-output>
        </test-method> <!-- tearDown -->
      </class> <!-- tests.ViewCartTest -->
      <class name="tests.BackHomeTest">
        <test-method is-config="true" signature="launchBrowser(java.lang.String)[pri:0, instance:tests.BackHomeTest@297ea53a]" started-at="2026-07-01T17:49:32 IST" name="launchBrowser" finished-at="2026-07-01T17:49:39 IST" duration-ms="7226" status="PASS">
          <params>
            <param index="0">
              <value>
                <![CDATA[firefox]]>
              </value>
            </param>
          </params>
          <reporter-output>
          </reporter-output>
        </test-method> <!-- launchBrowser -->
        <test-method signature="endToEndCheckoutTest(java.lang.String,java.lang.String)[pri:0, instance:tests.BackHomeTest@297ea53a]" started-at="2026-07-01T17:49:39 IST" name="endToEndCheckoutTest" data-provider="loginData" finished-at="2026-07-01T17:49:46 IST" duration-ms="7538" status="PASS">
          <params>
            <param index="0">
              <value>
                <![CDATA[standard_user]]>
              </value>
            </param>
            <param index="1">
              <value>
                <![CDATA[secret_sauce]]>
              </value>
            </param>
          </params>
          <reporter-output>
          </reporter-output>
        </test-method> <!-- endToEndCheckoutTest -->
        <test-method is-config="true" signature="tearDown()[pri:0, instance:tests.BackHomeTest@297ea53a]" started-at="2026-07-01T17:49:46 IST" name="tearDown" finished-at="2026-07-01T17:49:49 IST" duration-ms="2491" status="PASS">
          <reporter-output>
          </reporter-output>
        </test-method> <!-- tearDown -->
      </class> <!-- tests.BackHomeTest -->
      <class name="tests.ContinueShoppingTest">
        <test-method is-config="true" signature="launchBrowser(java.lang.String)[pri:0, instance:tests.ContinueShoppingTest@2e029d61]" started-at="2026-07-01T17:48:31 IST" name="launchBrowser" finished-at="2026-07-01T17:48:39 IST" duration-ms="7330" status="PASS">
          <params>
            <param index="0">
              <value>
                <![CDATA[firefox]]>
              </value>
            </param>
          </params>
          <reporter-output>
          </reporter-output>
        </test-method> <!-- launchBrowser -->
        <test-method signature="login(java.lang.String,java.lang.String)[pri:0, instance:tests.ContinueShoppingTest@2e029d61]" started-at="2026-07-01T17:48:39 IST" name="login" data-provider="loginData" finished-at="2026-07-01T17:48:40 IST" duration-ms="1439" status="PASS">
          <params>
            <param index="0">
              <value>
                <![CDATA[standard_user]]>
              </value>
            </param>
            <param index="1">
              <value>
                <![CDATA[secret_sauce]]>
              </value>
            </param>
          </params>
          <reporter-output>
          </reporter-output>
        </test-method> <!-- login -->
        <test-method is-config="true" signature="tearDown()[pri:0, instance:tests.ContinueShoppingTest@2e029d61]" started-at="2026-07-01T17:48:40 IST" name="tearDown" finished-at="2026-07-01T17:48:44 IST" duration-ms="3521" status="PASS">
          <reporter-output>
          </reporter-output>
        </test-method> <!-- tearDown -->
      </class> <!-- tests.ContinueShoppingTest -->
      <class name="tests.CheckoutOverviewTest">
        <test-method is-config="true" signature="launchBrowser(java.lang.String)[pri:0, instance:tests.CheckoutOverviewTest@132ddbab]" started-at="2026-07-01T17:49:16 IST" name="launchBrowser" finished-at="2026-07-01T17:49:23 IST" duration-ms="6746" status="PASS">
          <params>
            <param index="0">
              <value>
                <![CDATA[firefox]]>
              </value>
            </param>
          </params>
          <reporter-output>
          </reporter-output>
        </test-method> <!-- launchBrowser -->
        <test-method signature="CheckoutOverview(java.lang.String,java.lang.String)[pri:0, instance:tests.CheckoutOverviewTest@132ddbab]" started-at="2026-07-01T17:49:23 IST" name="CheckoutOverview" data-provider="loginData" finished-at="2026-07-01T17:49:30 IST" duration-ms="7079" status="PASS">
          <params>
            <param index="0">
              <value>
                <![CDATA[standard_user]]>
              </value>
            </param>
            <param index="1">
              <value>
                <![CDATA[secret_sauce]]>
              </value>
            </param>
          </params>
          <reporter-output>
          </reporter-output>
        </test-method> <!-- CheckoutOverview -->
        <test-method is-config="true" signature="tearDown()[pri:0, instance:tests.CheckoutOverviewTest@132ddbab]" started-at="2026-07-01T17:49:30 IST" name="tearDown" finished-at="2026-07-01T17:49:32 IST" duration-ms="1462" status="PASS">
          <reporter-output>
          </reporter-output>
        </test-method> <!-- tearDown -->
      </class> <!-- tests.CheckoutOverviewTest -->
      <class name="tests.CheckoutTest">
        <test-method is-config="true" signature="launchBrowser(java.lang.String)[pri:0, instance:tests.CheckoutTest@4052274f]" started-at="2026-07-01T17:49:01 IST" name="launchBrowser" finished-at="2026-07-01T17:49:07 IST" duration-ms="5988" status="PASS">
          <params>
            <param index="0">
              <value>
                <![CDATA[firefox]]>
              </value>
            </param>
          </params>
          <reporter-output>
          </reporter-output>
        </test-method> <!-- launchBrowser -->
        <test-method signature="checkout(java.lang.String,java.lang.String)[pri:0, instance:tests.CheckoutTest@4052274f]" started-at="2026-07-01T17:49:07 IST" name="checkout" data-provider="loginData" finished-at="2026-07-01T17:49:15 IST" duration-ms="7934" status="PASS">
          <params>
            <param index="0">
              <value>
                <![CDATA[standard_user]]>
              </value>
            </param>
            <param index="1">
              <value>
                <![CDATA[secret_sauce]]>
              </value>
            </param>
          </params>
          <reporter-output>
          </reporter-output>
        </test-method> <!-- checkout -->
        <test-method is-config="true" signature="tearDown()[pri:0, instance:tests.CheckoutTest@4052274f]" started-at="2026-07-01T17:49:15 IST" name="tearDown" finished-at="2026-07-01T17:49:16 IST" duration-ms="1606" status="PASS">
          <reporter-output>
          </reporter-output>
        </test-method> <!-- tearDown -->
      </class> <!-- tests.CheckoutTest -->
      <class name="tests.LogoutTest">
        <test-method is-config="true" signature="launchBrowser(java.lang.String)[pri:0, instance:tests.LogoutTest@acb0951]" started-at="2026-07-01T17:49:49 IST" name="launchBrowser" finished-at="2026-07-01T17:49:57 IST" duration-ms="8357" status="PASS">
          <params>
            <param index="0">
              <value>
                <![CDATA[firefox]]>
              </value>
            </param>
          </params>
          <reporter-output>
          </reporter-output>
        </test-method> <!-- launchBrowser -->
        <test-method signature="CheckoutOverview(java.lang.String,java.lang.String)[pri:0, instance:tests.LogoutTest@acb0951]" started-at="2026-07-01T17:49:57 IST" name="CheckoutOverview" data-provider="loginData" finished-at="2026-07-01T17:50:09 IST" duration-ms="11610" status="PASS">
          <params>
            <param index="0">
              <value>
                <![CDATA[standard_user]]>
              </value>
            </param>
            <param index="1">
              <value>
                <![CDATA[secret_sauce]]>
              </value>
            </param>
          </params>
          <reporter-output>
          </reporter-output>
        </test-method> <!-- CheckoutOverview -->
        <test-method is-config="true" signature="tearDown()[pri:0, instance:tests.LogoutTest@acb0951]" started-at="2026-07-01T17:50:09 IST" name="tearDown" finished-at="2026-07-01T17:50:11 IST" duration-ms="1950" status="PASS">
          <reporter-output>
          </reporter-output>
        </test-method> <!-- tearDown -->
      </class> <!-- tests.LogoutTest -->
      <class name="tests.MultipleAddCartTest">
        <test-method is-config="true" signature="launchBrowser(java.lang.String)[pri:0, instance:tests.MultipleAddCartTest@1643d68f]" started-at="2026-07-01T17:48:12 IST" name="launchBrowser" finished-at="2026-07-01T17:48:20 IST" duration-ms="7655" status="PASS">
          <params>
            <param index="0">
              <value>
                <![CDATA[firefox]]>
              </value>
            </param>
          </params>
          <reporter-output>
          </reporter-output>
        </test-method> <!-- launchBrowser -->
        <test-method signature="verifyMultipleAddCart(java.lang.String,java.lang.String)[pri:0, instance:tests.MultipleAddCartTest@1643d68f]" started-at="2026-07-01T17:48:20 IST" name="verifyMultipleAddCart" data-provider="loginData" finished-at="2026-07-01T17:48:20 IST" duration-ms="706" status="PASS">
          <params>
            <param index="0">
              <value>
                <![CDATA[standard_user]]>
              </value>
            </param>
            <param index="1">
              <value>
                <![CDATA[secret_sauce]]>
              </value>
            </param>
          </params>
          <reporter-output>
          </reporter-output>
        </test-method> <!-- verifyMultipleAddCart -->
        <test-method is-config="true" signature="tearDown()[pri:0, instance:tests.MultipleAddCartTest@1643d68f]" started-at="2026-07-01T17:48:20 IST" name="tearDown" finished-at="2026-07-01T17:48:22 IST" duration-ms="1912" status="PASS">
          <reporter-output>
          </reporter-output>
        </test-method> <!-- tearDown -->
      </class> <!-- tests.MultipleAddCartTest -->
    </test> <!-- Firefox -->
  </suite> <!-- ecommerce -->
</testng-results>
