<?xml version="1.0" encoding="UTF-8"?>
<testng-results ignored="0" total="10" passed="10" failed="0" skipped="0">
  <reporter-output>
  </reporter-output>
  <suite started-at="2026-06-29T20:51:03 IST" name="ecommerce" finished-at="2026-06-29T20:53:13 IST" duration-ms="130189">
    <groups>
    </groups>
    <test started-at="2026-06-29T20:51:03 IST" name="Firefox" finished-at="2026-06-29T20:53:13 IST" duration-ms="130189">
      <class name="tests.RemoveCartTest">
        <test-method is-config="true" signature="launchBrowser(java.lang.String)[pri:0, instance:tests.RemoveCartTest@30d4b288]" started-at="2026-06-29T20:51:33 IST" name="launchBrowser" finished-at="2026-06-29T20:51:39 IST" duration-ms="6403" status="PASS">
          <params>
            <param index="0">
              <value>
                <![CDATA[firefox]]>
              </value>
            </param>
          </params>
          <reporter-output>
          </reporter-output>
        </test-method> <!-- launchBrowser -->
        <test-method signature="removeCartTest(java.lang.String,java.lang.String)[pri:0, instance:tests.RemoveCartTest@30d4b288]" started-at="2026-06-29T20:51:39 IST" name="removeCartTest" data-provider="loginData" finished-at="2026-06-29T20:51:40 IST" duration-ms="1218" status="PASS">
          <params>
            <param index="0">
              <value>
                <![CDATA[standard_user]]>
              </value>
            </param>
            <param index="1">
              <value>
                <![CDATA[secret_sauce]]>
              </value>
            </param>
          </params>
          <reporter-output>
          </reporter-output>
        </test-method> <!-- removeCartTest -->
        <test-method is-config="true" signature="tearDown()[pri:0, instance:tests.RemoveCartTest@30d4b288]" started-at="2026-06-29T20:51:40 IST" name="tearDown" finished-at="2026-06-29T20:51:42 IST" duration-ms="1396" status="PASS">
          <reporter-output>
          </reporter-output>
        </test-method> <!-- tearDown -->
      </class> <!-- tests.RemoveCartTest -->
      <class name="tests.LoginTest">
        <test-method is-config="true" signature="launchBrowser(java.lang.String)[pri:0, instance:tests.LoginTest@422c3c7a]" started-at="2026-06-29T20:51:03 IST" name="launchBrowser" finished-at="2026-06-29T20:51:10 IST" duration-ms="7126" status="PASS">
          <params>
            <param index="0">
              <value>
                <![CDATA[firefox]]>
              </value>
            </param>
          </params>
          <reporter-output>
          </reporter-output>
        </test-method> <!-- launchBrowser -->
        <test-method signature="loginTest(java.lang.String,java.lang.String)[pri:0, instance:tests.LoginTest@422c3c7a]" started-at="2026-06-29T20:51:11 IST" name="loginTest" data-provider="loginData" finished-at="2026-06-29T20:51:12 IST" duration-ms="1172" status="PASS">
          <params>
            <param index="0">
              <value>
                <![CDATA[standard_user]]>
              </value>
            </param>
            <param index="1">
              <value>
                <![CDATA[secret_sauce]]>
              </value>
            </param>
          </params>
          <reporter-output>
          </reporter-output>
        </test-method> <!-- loginTest -->
        <test-method is-config="true" signature="tearDown()[pri:0, instance:tests.LoginTest@422c3c7a]" started-at="2026-06-29T20:51:12 IST" name="tearDown" finished-at="2026-06-29T20:51:13 IST" duration-ms="1454" status="PASS">
          <reporter-output>
          </reporter-output>
        </test-method> <!-- tearDown -->
      </class> <!-- tests.LoginTest -->
      <class name="tests.AddCartTest">
        <test-method is-config="true" signature="launchBrowser(java.lang.String)[pri:0, instance:tests.AddCartTest@40499e4f]" started-at="2026-06-29T20:51:13 IST" name="launchBrowser" finished-at="2026-06-29T20:51:19 IST" duration-ms="5744" status="PASS">
          <params>
            <param index="0">
              <value>
                <![CDATA[firefox]]>
              </value>
            </param>
          </params>
          <reporter-output>
          </reporter-output>
        </test-method> <!-- launchBrowser -->
        <test-method signature="addToCartTest(java.lang.String,java.lang.String)[pri:0, instance:tests.AddCartTest@40499e4f]" started-at="2026-06-29T20:51:19 IST" name="addToCartTest" data-provider="loginData" finished-at="2026-06-29T20:51:20 IST" duration-ms="1222" status="PASS">
          <params>
            <param index="0">
              <value>
                <![CDATA[standard_user]]>
              </value>
            </param>
            <param index="1">
              <value>
                <![CDATA[secret_sauce]]>
              </value>
            </param>
          </params>
          <reporter-output>
          </reporter-output>
        </test-method> <!-- addToCartTest -->
        <test-method is-config="true" signature="tearDown()[pri:0, instance:tests.AddCartTest@40499e4f]" started-at="2026-06-29T20:51:20 IST" name="tearDown" finished-at="2026-06-29T20:51:23 IST" duration-ms="2487" status="PASS">
          <reporter-output>
          </reporter-output>
        </test-method> <!-- tearDown -->
      </class> <!-- tests.AddCartTest -->
      <class name="tests.ViewCartTest">
        <test-method is-config="true" signature="launchBrowser(java.lang.String)[pri:0, instance:tests.ViewCartTest@40f1be1b]" started-at="2026-06-29T20:51:50 IST" name="launchBrowser" finished-at="2026-06-29T20:51:57 IST" duration-ms="7004" status="PASS">
          <params>
            <param index="0">
              <value>
                <![CDATA[firefox]]>
              </value>
            </param>
          </params>
          <reporter-output>
          </reporter-output>
        </test-method> <!-- launchBrowser -->
        <test-method signature="view(java.lang.String,java.lang.String)[pri:0, instance:tests.ViewCartTest@40f1be1b]" started-at="2026-06-29T20:51:57 IST" name="view" data-provider="loginData" finished-at="2026-06-29T20:52:05 IST" duration-ms="7141" status="PASS">
          <params>
            <param index="0">
              <value>
                <![CDATA[standard_user]]>
              </value>
            </param>
            <param index="1">
              <value>
                <![CDATA[secret_sauce]]>
              </value>
            </param>
          </params>
          <reporter-output>
          </reporter-output>
        </test-method> <!-- view -->
        <test-method is-config="true" signature="tearDown()[pri:0, instance:tests.ViewCartTest@40f1be1b]" started-at="2026-06-29T20:52:05 IST" name="tearDown" finished-at="2026-06-29T20:52:06 IST" duration-ms="1136" status="PASS">
          <reporter-output>
          </reporter-output>
        </test-method> <!-- tearDown -->
      </class> <!-- tests.ViewCartTest -->
      <class name="tests.BackHomeTest">
        <test-method is-config="true" signature="launchBrowser(java.lang.String)[pri:0, instance:tests.BackHomeTest@14c01636]" started-at="2026-06-29T20:52:37 IST" name="launchBrowser" finished-at="2026-06-29T20:52:44 IST" duration-ms="7504" status="PASS">
          <params>
            <param index="0">
              <value>
                <![CDATA[firefox]]>
              </value>
            </param>
          </params>
          <reporter-output>
          </reporter-output>
        </test-method> <!-- launchBrowser -->
        <test-method signature="endToEndCheckoutTest(java.lang.String,java.lang.String)[pri:0, instance:tests.BackHomeTest@14c01636]" started-at="2026-06-29T20:52:44 IST" name="endToEndCheckoutTest" data-provider="loginData" finished-at="2026-06-29T20:52:52 IST" duration-ms="7765" status="PASS">
          <params>
            <param index="0">
              <value>
                <![CDATA[standard_user]]>
              </value>
            </param>
            <param index="1">
              <value>
                <![CDATA[secret_sauce]]>
              </value>
            </param>
          </params>
          <reporter-output>
          </reporter-output>
        </test-method> <!-- endToEndCheckoutTest -->
        <test-method is-config="true" signature="tearDown()[pri:0, instance:tests.BackHomeTest@14c01636]" started-at="2026-06-29T20:52:52 IST" name="tearDown" finished-at="2026-06-29T20:52:53 IST" duration-ms="1184" status="PASS">
          <reporter-output>
          </reporter-output>
        </test-method> <!-- tearDown -->
      </class> <!-- tests.BackHomeTest -->
      <class name="tests.ContinueShoppingTest">
        <test-method is-config="true" signature="launchBrowser(java.lang.String)[pri:0, instance:tests.ContinueShoppingTest@4cc6fa2a]" started-at="2026-06-29T20:51:42 IST" name="launchBrowser" finished-at="2026-06-29T20:51:48 IST" duration-ms="5871" status="PASS">
          <params>
            <param index="0">
              <value>
                <![CDATA[firefox]]>
              </value>
            </param>
          </params>
          <reporter-output>
          </reporter-output>
        </test-method> <!-- launchBrowser -->
        <test-method signature="login(java.lang.String,java.lang.String)[pri:0, instance:tests.ContinueShoppingTest@4cc6fa2a]" started-at="2026-06-29T20:51:48 IST" name="login" data-provider="loginData" finished-at="2026-06-29T20:51:49 IST" duration-ms="1645" status="PASS">
          <params>
            <param index="0">
              <value>
                <![CDATA[standard_user]]>
              </value>
            </param>
            <param index="1">
              <value>
                <![CDATA[secret_sauce]]>
              </value>
            </param>
          </params>
          <reporter-output>
          </reporter-output>
        </test-method> <!-- login -->
        <test-method is-config="true" signature="tearDown()[pri:0, instance:tests.ContinueShoppingTest@4cc6fa2a]" started-at="2026-06-29T20:51:49 IST" name="tearDown" finished-at="2026-06-29T20:51:50 IST" duration-ms="1155" status="PASS">
          <reporter-output>
          </reporter-output>
        </test-method> <!-- tearDown -->
      </class> <!-- tests.ContinueShoppingTest -->
      <class name="tests.CheckoutOverviewTest">
        <test-method is-config="true" signature="launchBrowser(java.lang.String)[pri:0, instance:tests.CheckoutOverviewTest@6f2cb653]" started-at="2026-06-29T20:52:21 IST" name="launchBrowser" finished-at="2026-06-29T20:52:27 IST" duration-ms="6525" status="PASS">
          <params>
            <param index="0">
              <value>
                <![CDATA[firefox]]>
              </value>
            </param>
          </params>
          <reporter-output>
          </reporter-output>
        </test-method> <!-- launchBrowser -->
        <test-method signature="CheckoutOverview(java.lang.String,java.lang.String)[pri:0, instance:tests.CheckoutOverviewTest@6f2cb653]" started-at="2026-06-29T20:52:27 IST" name="CheckoutOverview" data-provider="loginData" finished-at="2026-06-29T20:52:36 IST" duration-ms="8271" status="PASS">
          <params>
            <param index="0">
              <value>
                <![CDATA[standard_user]]>
              </value>
            </param>
            <param index="1">
              <value>
                <![CDATA[secret_sauce]]>
              </value>
            </param>
          </params>
          <reporter-output>
          </reporter-output>
        </test-method> <!-- CheckoutOverview -->
        <test-method is-config="true" signature="tearDown()[pri:0, instance:tests.CheckoutOverviewTest@6f2cb653]" started-at="2026-06-29T20:52:36 IST" name="tearDown" finished-at="2026-06-29T20:52:37 IST" duration-ms="1089" status="PASS">
          <reporter-output>
          </reporter-output>
        </test-method> <!-- tearDown -->
      </class> <!-- tests.CheckoutOverviewTest -->
      <class name="tests.CheckoutTest">
        <test-method is-config="true" signature="launchBrowser(java.lang.String)[pri:0, instance:tests.CheckoutTest@7a791b66]" started-at="2026-06-29T20:52:06 IST" name="launchBrowser" finished-at="2026-06-29T20:52:13 IST" duration-ms="6739" status="PASS">
          <params>
            <param index="0">
              <value>
                <![CDATA[firefox]]>
              </value>
            </param>
          </params>
          <reporter-output>
          </reporter-output>
        </test-method> <!-- launchBrowser -->
        <test-method signature="checkout(java.lang.String,java.lang.String)[pri:0, instance:tests.CheckoutTest@7a791b66]" started-at="2026-06-29T20:52:13 IST" name="checkout" data-provider="loginData" finished-at="2026-06-29T20:52:20 IST" duration-ms="7278" status="PASS">
          <params>
            <param index="0">
              <value>
                <![CDATA[standard_user]]>
              </value>
            </param>
            <param index="1">
              <value>
                <![CDATA[secret_sauce]]>
              </value>
            </param>
          </params>
          <reporter-output>
          </reporter-output>
        </test-method> <!-- checkout -->
        <test-method is-config="true" signature="tearDown()[pri:0, instance:tests.CheckoutTest@7a791b66]" started-at="2026-06-29T20:52:20 IST" name="tearDown" finished-at="2026-06-29T20:52:21 IST" duration-ms="1092" status="PASS">
          <reporter-output>
          </reporter-output>
        </test-method> <!-- tearDown -->
      </class> <!-- tests.CheckoutTest -->
      <class name="tests.LogoutTest">
        <test-method is-config="true" signature="launchBrowser(java.lang.String)[pri:0, instance:tests.LogoutTest@590c73d3]" started-at="2026-06-29T20:52:53 IST" name="launchBrowser" finished-at="2026-06-29T20:52:59 IST" duration-ms="5774" status="PASS">
          <params>
            <param index="0">
              <value>
                <![CDATA[firefox]]>
              </value>
            </param>
          </params>
          <reporter-output>
          </reporter-output>
        </test-method> <!-- launchBrowser -->
        <test-method signature="CheckoutOverview(java.lang.String,java.lang.String)[pri:0, instance:tests.LogoutTest@590c73d3]" started-at="2026-06-29T20:52:59 IST" name="CheckoutOverview" data-provider="loginData" finished-at="2026-06-29T20:53:12 IST" duration-ms="13126" status="PASS">
          <params>
            <param index="0">
              <value>
                <![CDATA[standard_user]]>
              </value>
            </param>
            <param index="1">
              <value>
                <![CDATA[secret_sauce]]>
              </value>
            </param>
          </params>
          <reporter-output>
          </reporter-output>
        </test-method> <!-- CheckoutOverview -->
        <test-method is-config="true" signature="tearDown()[pri:0, instance:tests.LogoutTest@590c73d3]" started-at="2026-06-29T20:53:12 IST" name="tearDown" finished-at="2026-06-29T20:53:13 IST" duration-ms="1028" status="PASS">
          <reporter-output>
          </reporter-output>
        </test-method> <!-- tearDown -->
      </class> <!-- tests.LogoutTest -->
      <class name="tests.MultipleAddCartTest">
        <test-method is-config="true" signature="launchBrowser(java.lang.String)[pri:0, instance:tests.MultipleAddCartTest@51cd7ffc]" started-at="2026-06-29T20:51:23 IST" name="launchBrowser" finished-at="2026-06-29T20:51:29 IST" duration-ms="6773" status="PASS">
          <params>
            <param index="0">
              <value>
                <![CDATA[firefox]]>
              </value>
            </param>
          </params>
          <reporter-output>
          </reporter-output>
        </test-method> <!-- launchBrowser -->
        <test-method signature="verifyMultipleAddCart(java.lang.String,java.lang.String)[pri:0, instance:tests.MultipleAddCartTest@51cd7ffc]" started-at="2026-06-29T20:51:29 IST" name="verifyMultipleAddCart" data-provider="loginData" finished-at="2026-06-29T20:51:31 IST" duration-ms="1653" status="PASS">
          <params>
            <param index="0">
              <value>
                <![CDATA[standard_user]]>
              </value>
            </param>
            <param index="1">
              <value>
                <![CDATA[secret_sauce]]>
              </value>
            </param>
          </params>
          <reporter-output>
          </reporter-output>
        </test-method> <!-- verifyMultipleAddCart -->
        <test-method is-config="true" signature="tearDown()[pri:0, instance:tests.MultipleAddCartTest@51cd7ffc]" started-at="2026-06-29T20:51:31 IST" name="tearDown" finished-at="2026-06-29T20:51:33 IST" duration-ms="1639" status="PASS">
          <reporter-output>
          </reporter-output>
        </test-method> <!-- tearDown -->
      </class> <!-- tests.MultipleAddCartTest -->
    </test> <!-- Firefox -->
  </suite> <!-- ecommerce -->
</testng-results>
