<?xml version="1.0" encoding="UTF-8"?>
<!-- Generated by org.testng.reporters.JUnitXMLReporter -->
<testsuite ignored="0" hostname="DESKTOP-1OHI8R1" failures="0" tests="10" name="ChromeTests" time="173.588" errors="0" timestamp="2026-06-27T20:22:35 IST">
  <testcase classname="tests.LoginTest" name="login" time="1.53"/>
  <testcase classname="tests.AddCartTest" name="login" time="1.053"/>
  <testcase classname="tests.MultipleAddCartTest" name="verifyMultipleAddCart" time="7.255"/>
  <testcase classname="tests.RemoveCartTest" name="removeCartTest" time="1.18"/>
  <testcase classname="tests.ContinueShoppingTest" name="login" time="2.14"/>
  <testcase classname="tests.ViewCartTest" name="view" time="7.288"/>
  <testcase classname="tests.CheckoutTest" name="checkout" time="11.105"/>
  <testcase classname="tests.CheckoutOverviewTest" name="CheckoutOverview" time="14.128"/>
  <testcase classname="tests.BackHomeTest" name="CheckoutOverview" time="18.12"/>
  <testcase classname="tests.LogoutTest" name="CheckoutOverview" time="22.695"/>
</testsuite> <!-- ChromeTests -->
