<?xml version="1.0" encoding="UTF-8"?>
<!-- Generated by org.testng.reporters.JUnitXMLReporter -->
<testsuite ignored="0" hostname="DESKTOP-1OHI8R1" failures="0" tests="10" name="Firefox" time="130.189" errors="0" timestamp="2026-06-29T20:53:13 IST">
  <testcase classname="tests.LoginTest" name="loginTest" time="1.172"/>
  <testcase classname="tests.AddCartTest" name="addToCartTest" time="1.222"/>
  <testcase classname="tests.MultipleAddCartTest" name="verifyMultipleAddCart" time="1.653"/>
  <testcase classname="tests.RemoveCartTest" name="removeCartTest" time="1.218"/>
  <testcase classname="tests.ContinueShoppingTest" name="login" time="1.645"/>
  <testcase classname="tests.ViewCartTest" name="view" time="7.141"/>
  <testcase classname="tests.CheckoutTest" name="checkout" time="7.278"/>
  <testcase classname="tests.CheckoutOverviewTest" name="CheckoutOverview" time="8.271"/>
  <testcase classname="tests.BackHomeTest" name="endToEndCheckoutTest" time="7.765"/>
  <testcase classname="tests.LogoutTest" name="CheckoutOverview" time="13.126"/>
</testsuite> <!-- Firefox -->
