<?xml version="1.0" encoding="UTF-8"?>
<!-- Generated by org.testng.reporters.JUnitXMLReporter -->
<testsuite ignored="0" hostname="Moinuddin" failures="0" tests="10" name="Firefox" time="112.491" errors="0" timestamp="2026-07-01T16:24:06 IST">
  <testcase classname="tests.LoginTest" name="loginTest" time="1.639"/>
  <testcase classname="tests.AddCartTest" name="addToCartTest" time="1.407"/>
  <testcase classname="tests.MultipleAddCartTest" name="verifyMultipleAddCart" time="1.779"/>
  <testcase classname="tests.RemoveCartTest" name="removeCartTest" time="1.703"/>
  <testcase classname="tests.ContinueShoppingTest" name="login" time="2.513"/>
  <testcase classname="tests.ViewCartTest" name="view" time="7.707"/>
  <testcase classname="tests.CheckoutTest" name="checkout" time="8.528"/>
  <testcase classname="tests.CheckoutOverviewTest" name="CheckoutOverview" time="9.199"/>
  <testcase classname="tests.BackHomeTest" name="endToEndCheckoutTest" time="9.182"/>
  <testcase classname="tests.LogoutTest" name="CheckoutOverview" time="13.785"/>
</testsuite> <!-- Firefox -->
