<?xml version="1.0" encoding="UTF-8"?>
<!-- Generated by org.testng.reporters.JUnitXMLReporter -->
<testsuite ignored="0" hostname="DESKTOP-1OHI8R1" failures="0" tests="10" name="Test1" time="181.518" errors="0" timestamp="2026-06-25T14:47:50 IST">
  <testcase classname="tests.LoginTest" name="login" time="1.355"/>
  <testcase classname="tests.AddCartTest" name="login" time="7.549"/>
  <testcase classname="tests.MultipleAddCartTest" name="verifyMultipleAddCart" time="12.291"/>
  <testcase classname="tests.RemoveCartTest" name="removeCartTest" time="15.993"/>
  <testcase classname="tests.ContinueShoppingTest" name="login" time="8.939"/>
  <testcase classname="tests.ViewCartTest" name="view" time="13.826"/>
  <testcase classname="tests.CheckoutTest" name="checkout" time="18.086"/>
  <testcase classname="tests.CheckoutOverviewTest" name="CheckoutOverview" time="21.288"/>
  <testcase classname="tests.BackHomeTest" name="CheckoutOverview" time="25.09"/>
  <testcase classname="tests.LogoutTest" name="CheckoutOverview" time="29.994"/>
</testsuite> <!-- Test1 -->
