<?xml version="1.0" encoding="UTF-8"?>
<!-- Generated by org.testng.reporters.JUnitXMLReporter -->
<testsuite ignored="0" hostname="DESKTOP-1OHI8R1" failures="0" tests="10" name="Test1" time="215.463" errors="0" timestamp="2026-06-26T12:43:39 IST">
  <testcase classname="tests.LoginTest" name="login" time="0.948"/>
  <testcase classname="tests.AddCartTest" name="login" time="7.557"/>
  <testcase classname="tests.MultipleAddCartTest" name="verifyMultipleAddCart" time="12.047"/>
  <testcase classname="tests.RemoveCartTest" name="removeCartTest" time="7.955"/>
  <testcase classname="tests.ContinueShoppingTest" name="login" time="8.711"/>
  <testcase classname="tests.ViewCartTest" name="view" time="13.985"/>
  <testcase classname="tests.CheckoutTest" name="checkout" time="17.626"/>
  <testcase classname="tests.CheckoutOverviewTest" name="CheckoutOverview" time="21.26"/>
  <testcase classname="tests.BackHomeTest" name="CheckoutOverview" time="25.535"/>
  <testcase classname="tests.LogoutTest" name="CheckoutOverview" time="30.343"/>
</testsuite> <!-- Test1 -->
